{"C:\\Users\\Алёна\\Desktop\\rss_coding\\eCommerce-Application-11\\src\\main.tsx": {"path":"C:\\Users\\Алёна\\Desktop\\rss_coding\\eCommerce-Application-11\\src\\main.tsx","statementMap":{"0":{"start":{"line":1,"column":0},"end":{"line":1,"column":26}},"1":{"start":{"line":2,"column":0},"end":{"line":2,"column":40}},"2":{"start":{"line":3,"column":0},"end":{"line":3,"column":49}},"3":{"start":{"line":4,"column":0},"end":{"line":4,"column":32}},"4":{"start":{"line":6,"column":0},"end":{"line":6,"column":68}},"5":{"start":{"line":8,"column":0},"end":{"line":16,"column":2}}},"fnMap":{},"branchMap":{},"s":{"0":0,"1":0,"2":0,"3":0,"4":0,"5":0},"f":{},"b":{}}
,"C:\\Users\\Алёна\\Desktop\\rss_coding\\eCommerce-Application-11\\src\\app\\App.tsx": {"path":"C:\\Users\\Алёна\\Desktop\\rss_coding\\eCommerce-Application-11\\src\\app\\App.tsx","statementMap":{"0":{"start":{"line":1,"column":0},"end":{"line":1,"column":23}},"1":{"start":{"line":2,"column":0},"end":{"line":2,"column":29}},"2":{"start":{"line":3,"column":0},"end":{"line":3,"column":27}},"3":{"start":{"line":5,"column":0},"end":{"line":5,"column":41}},"4":{"start":{"line":6,"column":0},"end":{"line":6,"column":62}},"5":{"start":{"line":7,"column":0},"end":{"line":7,"column":38}},"6":{"start":{"line":8,"column":0},"end":{"line":8,"column":46}},"7":{"start":{"line":9,"column":0},"end":{"line":9,"column":44}},"8":{"start":{"line":10,"column":0},"end":{"line":10,"column":59}},"9":{"start":{"line":11,"column":0},"end":{"line":11,"column":27}},"10":{"start":{"line":13,"column":0},"end":{"line":13,"column":67}},"11":{"start":{"line":16,"column":25},"end":{"line":16,"column":43}},"12":{"start":{"line":18,"column":2},"end":{"line":28,"column":4}},"13":{"start":{"line":31,"column":0},"end":{"line":31,"column":19}}},"fnMap":{"0":{"name":"App","decl":{"start":{"line":15,"column":9},"end":{"line":15,"column":12}},"loc":{"start":{"line":15,"column":12},"end":{"line":29,"column":1}}}},"branchMap":{"0":{"loc":{"start":{"line":23,"column":38},"end":{"line":23,"column":90}},"type":"cond-expr","locations":[{"start":{"line":23,"column":51},"end":{"line":23,"column":78}},{"start":{"line":23,"column":81},"end":{"line":23,"column":90}}]},"1":{"loc":{"start":{"line":25,"column":45},"end":{"line":25,"column":104}},"type":"cond-expr","locations":[{"start":{"line":25,"column":58},"end":{"line":25,"column":85}},{"start":{"line":25,"column":88},"end":{"line":25,"column":104}}]}},"s":{"0":0,"1":0,"2":0,"3":0,"4":0,"5":0,"6":0,"7":0,"8":0,"9":0,"10":0,"11":0,"12":0,"13":0},"f":{"0":0},"b":{"0":[0,0],"1":[0,0]}}
,"C:\\Users\\Алёна\\Desktop\\rss_coding\\eCommerce-Application-11\\src\\entities\\Cart\\UI\\CartIcon.tsx": {"path":"C:\\Users\\Алёна\\Desktop\\rss_coding\\eCommerce-Application-11\\src\\entities\\Cart\\UI\\CartIcon.tsx","statementMap":{"0":{"start":{"line":1,"column":0},"end":{"line":1,"column":55}},"1":{"start":{"line":2,"column":0},"end":{"line":2,"column":47}},"2":{"start":{"line":3,"column":0},"end":{"line":3,"column":55}},"3":{"start":{"line":7,"column":2},"end":{"line":11,"column":4}},"4":{"start":{"line":14,"column":0},"end":{"line":14,"column":24}}},"fnMap":{"0":{"name":"CartIcon","decl":{"start":{"line":6,"column":9},"end":{"line":6,"column":17}},"loc":{"start":{"line":6,"column":39},"end":{"line":12,"column":1}}}},"branchMap":{},"s":{"0":0,"1":0,"2":0,"3":0,"4":0},"f":{"0":0},"b":{}}
,"C:\\Users\\Алёна\\Desktop\\rss_coding\\eCommerce-Application-11\\src\\entities\\Login\\UI\\LogOutLink.tsx": {"path":"C:\\Users\\Алёна\\Desktop\\rss_coding\\eCommerce-Application-11\\src\\entities\\Login\\UI\\LogOutLink.tsx","statementMap":{"0":{"start":{"line":1,"column":0},"end":{"line":1,"column":62}},"1":{"start":{"line":5,"column":2},"end":{"line":5,"column":100}},"2":{"start":{"line":8,"column":0},"end":{"line":8,"column":26}}},"fnMap":{"0":{"name":"LogOutLink","decl":{"start":{"line":4,"column":9},"end":{"line":4,"column":19}},"loc":{"start":{"line":4,"column":37},"end":{"line":6,"column":1}}}},"branchMap":{},"s":{"0":0,"1":0,"2":0},"f":{"0":0},"b":{}}
,"C:\\Users\\Алёна\\Desktop\\rss_coding\\eCommerce-Application-11\\src\\entities\\Login\\UI\\SignInLink.tsx": {"path":"C:\\Users\\Алёна\\Desktop\\rss_coding\\eCommerce-Application-11\\src\\entities\\Login\\UI\\SignInLink.tsx","statementMap":{"0":{"start":{"line":1,"column":0},"end":{"line":1,"column":62}},"1":{"start":{"line":5,"column":2},"end":{"line":5,"column":104}},"2":{"start":{"line":8,"column":0},"end":{"line":8,"column":26}}},"fnMap":{"0":{"name":"SignInLink","decl":{"start":{"line":4,"column":9},"end":{"line":4,"column":19}},"loc":{"start":{"line":4,"column":37},"end":{"line":6,"column":1}}}},"branchMap":{},"s":{"0":0,"1":0,"2":0},"f":{"0":0},"b":{}}
,"C:\\Users\\Алёна\\Desktop\\rss_coding\\eCommerce-Application-11\\src\\entities\\Login\\UI\\SignUpLink.tsx": {"path":"C:\\Users\\Алёна\\Desktop\\rss_coding\\eCommerce-Application-11\\src\\entities\\Login\\UI\\SignUpLink.tsx","statementMap":{"0":{"start":{"line":1,"column":0},"end":{"line":1,"column":62}},"1":{"start":{"line":5,"column":2},"end":{"line":5,"column":112}},"2":{"start":{"line":8,"column":0},"end":{"line":8,"column":26}}},"fnMap":{"0":{"name":"SignUpLink","decl":{"start":{"line":4,"column":9},"end":{"line":4,"column":19}},"loc":{"start":{"line":4,"column":37},"end":{"line":6,"column":1}}}},"branchMap":{},"s":{"0":0,"1":0,"2":0},"f":{"0":0},"b":{}}
,"C:\\Users\\Алёна\\Desktop\\rss_coding\\eCommerce-Application-11\\src\\entities\\RegistrationAddress\\UI\\RegistrationBillingAddress.tsx": {"path":"C:\\Users\\Алёна\\Desktop\\rss_coding\\eCommerce-Application-11\\src\\entities\\RegistrationAddress\\UI\\RegistrationBillingAddress.tsx","statementMap":{"0":{"start":{"line":1,"column":0},"end":{"line":1,"column":82}},"1":{"start":{"line":2,"column":0},"end":{"line":2,"column":86}},"2":{"start":{"line":3,"column":0},"end":{"line":3,"column":90}},"3":{"start":{"line":4,"column":0},"end":{"line":4,"column":82}},"4":{"start":{"line":5,"column":0},"end":{"line":5,"column":94}},"5":{"start":{"line":6,"column":0},"end":{"line":6,"column":88}},"6":{"start":{"line":9,"column":35},"end":{"line":45,"column":1}},"7":{"start":{"line":10,"column":2},"end":{"line":44,"column":4}},"8":{"start":{"line":47,"column":0},"end":{"line":47,"column":42}}},"fnMap":{"0":{"name":"(anonymous_1)","decl":{"start":{"line":9,"column":35},"end":{"line":9,"column":36}},"loc":{"start":{"line":9,"column":71},"end":{"line":45,"column":1}}}},"branchMap":{},"s":{"0":0,"1":0,"2":0,"3":0,"4":0,"5":0,"6":0,"7":0,"8":0},"f":{"0":0},"b":{}}
,"C:\\Users\\Алёна\\Desktop\\rss_coding\\eCommerce-Application-11\\src\\entities\\RegistrationAddress\\UI\\RegistrationShippingAddress.tsx": {"path":"C:\\Users\\Алёна\\Desktop\\rss_coding\\eCommerce-Application-11\\src\\entities\\RegistrationAddress\\UI\\RegistrationShippingAddress.tsx","statementMap":{"0":{"start":{"line":1,"column":0},"end":{"line":1,"column":84}},"1":{"start":{"line":2,"column":0},"end":{"line":2,"column":88}},"2":{"start":{"line":3,"column":0},"end":{"line":3,"column":92}},"3":{"start":{"line":4,"column":0},"end":{"line":4,"column":84}},"4":{"start":{"line":5,"column":0},"end":{"line":5,"column":96}},"5":{"start":{"line":6,"column":0},"end":{"line":6,"column":90}},"6":{"start":{"line":9,"column":36},"end":{"line":45,"column":1}},"7":{"start":{"line":10,"column":2},"end":{"line":44,"column":4}},"8":{"start":{"line":47,"column":0},"end":{"line":47,"column":43}}},"fnMap":{"0":{"name":"(anonymous_1)","decl":{"start":{"line":9,"column":36},"end":{"line":9,"column":37}},"loc":{"start":{"line":9,"column":72},"end":{"line":45,"column":1}}}},"branchMap":{},"s":{"0":0,"1":0,"2":0,"3":0,"4":0,"5":0,"6":0,"7":0,"8":0},"f":{"0":0},"b":{}}
,"C:\\Users\\Алёна\\Desktop\\rss_coding\\eCommerce-Application-11\\src\\entities\\RegistrationAddress\\UI\\countryContext.tsx": {"path":"C:\\Users\\Алёна\\Desktop\\rss_coding\\eCommerce-Application-11\\src\\entities\\RegistrationAddress\\UI\\countryContext.tsx","statementMap":{"0":{"start":{"line":1,"column":0},"end":{"line":1,"column":78}},"1":{"start":{"line":10,"column":23},"end":{"line":10,"column":79}},"2":{"start":{"line":12,"column":66},"end":{"line":23,"column":1}},"3":{"start":{"line":13,"column":64},"end":{"line":13,"column":76}},"4":{"start":{"line":14,"column":62},"end":{"line":14,"column":74}},"5":{"start":{"line":16,"column":2},"end":{"line":22,"column":4}},"6":{"start":{"line":12,"column":13},"end":{"line":12,"column":66}},"7":{"start":{"line":25,"column":33},"end":{"line":31,"column":1}},"8":{"start":{"line":26,"column":18},"end":{"line":26,"column":44}},"9":{"start":{"line":27,"column":2},"end":{"line":29,"column":null}},"10":{"start":{"line":28,"column":4},"end":{"line":28,"column":78}},"11":{"start":{"line":30,"column":2},"end":{"line":30,"column":17}},"12":{"start":{"line":25,"column":13},"end":{"line":25,"column":33}}},"fnMap":{"0":{"name":"(anonymous_0)","decl":{"start":{"line":12,"column":66},"end":{"line":12,"column":67}},"loc":{"start":{"line":12,"column":83},"end":{"line":23,"column":1}}},"1":{"name":"(anonymous_1)","decl":{"start":{"line":25,"column":33},"end":{"line":25,"column":56}},"loc":{"start":{"line":25,"column":58},"end":{"line":31,"column":1}}}},"branchMap":{"0":{"loc":{"start":{"line":27,"column":2},"end":{"line":29,"column":null}},"type":"if","locations":[{"start":{"line":27,"column":2},"end":{"line":29,"column":null}}]}},"s":{"0":0,"1":0,"2":0,"3":0,"4":0,"5":0,"6":0,"7":0,"8":0,"9":0,"10":0,"11":0,"12":0},"f":{"0":0,"1":0},"b":{"0":[0]}}
,"C:\\Users\\Алёна\\Desktop\\rss_coding\\eCommerce-Application-11\\src\\features\\Login\\UI\\LogOut.tsx": {"path":"C:\\Users\\Алёна\\Desktop\\rss_coding\\eCommerce-Application-11\\src\\features\\Login\\UI\\LogOut.tsx","statementMap":{"0":{"start":{"line":1,"column":0},"end":{"line":1,"column":63}},"1":{"start":{"line":2,"column":0},"end":{"line":2,"column":73}},"2":{"start":{"line":6,"column":27},"end":{"line":6,"column":45}},"3":{"start":{"line":8,"column":22},"end":{"line":11,"column":3}},"4":{"start":{"line":9,"column":4},"end":{"line":9,"column":25}},"5":{"start":{"line":10,"column":4},"end":{"line":10,"column":24}},"6":{"start":{"line":13,"column":2},"end":{"line":13,"column":74}},"7":{"start":{"line":16,"column":0},"end":{"line":16,"column":22}}},"fnMap":{"0":{"name":"LogOut","decl":{"start":{"line":5,"column":9},"end":{"line":5,"column":15}},"loc":{"start":{"line":5,"column":34},"end":{"line":14,"column":1}}},"1":{"name":"(anonymous_2)","decl":{"start":{"line":8,"column":22},"end":{"line":8,"column":31}},"loc":{"start":{"line":8,"column":33},"end":{"line":11,"column":3}}}},"branchMap":{},"s":{"0":0,"1":0,"2":0,"3":0,"4":0,"5":0,"6":0,"7":0},"f":{"0":0,"1":0},"b":{}}
,"C:\\Users\\Алёна\\Desktop\\rss_coding\\eCommerce-Application-11\\src\\features\\Login\\UI\\SignIn.tsx": {"path":"C:\\Users\\Алёна\\Desktop\\rss_coding\\eCommerce-Application-11\\src\\features\\Login\\UI\\SignIn.tsx","statementMap":{"0":{"start":{"line":1,"column":0},"end":{"line":1,"column":63}},"1":{"start":{"line":5,"column":2},"end":{"line":5,"column":52}},"2":{"start":{"line":8,"column":0},"end":{"line":8,"column":22}}},"fnMap":{"0":{"name":"SignIn","decl":{"start":{"line":4,"column":9},"end":{"line":4,"column":15}},"loc":{"start":{"line":4,"column":34},"end":{"line":6,"column":1}}}},"branchMap":{},"s":{"0":0,"1":0,"2":0},"f":{"0":0},"b":{}}
,"C:\\Users\\Алёна\\Desktop\\rss_coding\\eCommerce-Application-11\\src\\features\\Login\\UI\\SignUp.tsx": {"path":"C:\\Users\\Алёна\\Desktop\\rss_coding\\eCommerce-Application-11\\src\\features\\Login\\UI\\SignUp.tsx","statementMap":{"0":{"start":{"line":1,"column":0},"end":{"line":1,"column":63}},"1":{"start":{"line":5,"column":2},"end":{"line":5,"column":52}},"2":{"start":{"line":8,"column":0},"end":{"line":8,"column":22}}},"fnMap":{"0":{"name":"SignUp","decl":{"start":{"line":4,"column":9},"end":{"line":4,"column":15}},"loc":{"start":{"line":4,"column":34},"end":{"line":6,"column":1}}}},"branchMap":{},"s":{"0":0,"1":0,"2":0},"f":{"0":0},"b":{}}
,"C:\\Users\\Алёна\\Desktop\\rss_coding\\eCommerce-Application-11\\src\\pages\\404\\page-404.tsx": {"path":"C:\\Users\\Алёна\\Desktop\\rss_coding\\eCommerce-Application-11\\src\\pages\\404\\page-404.tsx","statementMap":{"0":{"start":{"line":1,"column":0},"end":{"line":1,"column":59}},"1":{"start":{"line":2,"column":0},"end":{"line":2,"column":30}},"2":{"start":{"line":4,"column":16},"end":{"line":17,"column":1}},"3":{"start":{"line":5,"column":2},"end":{"line":16,"column":4}},"4":{"start":{"line":19,"column":0},"end":{"line":19,"column":23}}},"fnMap":{"0":{"name":"(anonymous_1)","decl":{"start":{"line":4,"column":16},"end":{"line":4,"column":32}},"loc":{"start":{"line":4,"column":34},"end":{"line":17,"column":1}}}},"branchMap":{},"s":{"0":0,"1":0,"2":0,"3":0,"4":0},"f":{"0":0},"b":{}}
,"C:\\Users\\Алёна\\Desktop\\rss_coding\\eCommerce-Application-11\\src\\pages\\Login\\Login.tsx": {"path":"C:\\Users\\Алёна\\Desktop\\rss_coding\\eCommerce-Application-11\\src\\pages\\Login\\Login.tsx","statementMap":{"0":{"start":{"line":2,"column":0},"end":{"line":2,"column":63}},"1":{"start":{"line":4,"column":24},"end":{"line":10,"column":1}},"2":{"start":{"line":5,"column":2},"end":{"line":9,"column":4}},"3":{"start":{"line":12,"column":0},"end":{"line":12,"column":21}}},"fnMap":{"0":{"name":"(anonymous_0)","decl":{"start":{"line":4,"column":24},"end":{"line":4,"column":27}},"loc":{"start":{"line":4,"column":29},"end":{"line":10,"column":1}}}},"branchMap":{},"s":{"0":0,"1":0,"2":0,"3":0},"f":{"0":0},"b":{}}
,"C:\\Users\\Алёна\\Desktop\\rss_coding\\eCommerce-Application-11\\src\\pages\\Registration\\Registration.tsx": {"path":"C:\\Users\\Алёна\\Desktop\\rss_coding\\eCommerce-Application-11\\src\\pages\\Registration\\Registration.tsx","statementMap":{"0":{"start":{"line":1,"column":0},"end":{"line":1,"column":43}},"1":{"start":{"line":3,"column":0},"end":{"line":3,"column":79}},"2":{"start":{"line":4,"column":0},"end":{"line":4,"column":59}},"3":{"start":{"line":6,"column":0},"end":{"line":6,"column":29}},"4":{"start":{"line":8,"column":21},"end":{"line":20,"column":1}},"5":{"start":{"line":9,"column":2},"end":{"line":19,"column":4}},"6":{"start":{"line":22,"column":0},"end":{"line":22,"column":28}}},"fnMap":{"0":{"name":"(anonymous_1)","decl":{"start":{"line":8,"column":21},"end":{"line":8,"column":37}},"loc":{"start":{"line":8,"column":39},"end":{"line":20,"column":1}}}},"branchMap":{},"s":{"0":0,"1":0,"2":0,"3":0,"4":0,"5":0,"6":0},"f":{"0":0},"b":{}}
,"C:\\Users\\Алёна\\Desktop\\rss_coding\\eCommerce-Application-11\\src\\pages\\main\\Main.tsx": {"path":"C:\\Users\\Алёна\\Desktop\\rss_coding\\eCommerce-Application-11\\src\\pages\\main\\Main.tsx","statementMap":{"0":{"start":{"line":1,"column":0},"end":{"line":1,"column":60}},"1":{"start":{"line":2,"column":0},"end":{"line":2,"column":60}},"2":{"start":{"line":3,"column":0},"end":{"line":3,"column":21}},"3":{"start":{"line":6,"column":2},"end":{"line":18,"column":4}},"4":{"start":{"line":21,"column":0},"end":{"line":21,"column":20}}},"fnMap":{"0":{"name":"Main","decl":{"start":{"line":5,"column":9},"end":{"line":5,"column":13}},"loc":{"start":{"line":5,"column":13},"end":{"line":19,"column":1}}}},"branchMap":{},"s":{"0":0,"1":0,"2":0,"3":0,"4":0},"f":{"0":0},"b":{}}
,"C:\\Users\\Алёна\\Desktop\\rss_coding\\eCommerce-Application-11\\src\\shared\\UI\\Buttons\\buttonAuth.tsx": {"path":"C:\\Users\\Алёна\\Desktop\\rss_coding\\eCommerce-Application-11\\src\\shared\\UI\\Buttons\\buttonAuth.tsx","statementMap":{"0":{"start":{"line":3,"column":0},"end":{"line":3,"column":42}},"1":{"start":{"line":5,"column":43},"end":{"line":11,"column":1}},"2":{"start":{"line":6,"column":2},"end":{"line":10,"column":4}},"3":{"start":{"line":13,"column":0},"end":{"line":13,"column":26}}},"fnMap":{"0":{"name":"(anonymous_1)","decl":{"start":{"line":5,"column":43},"end":{"line":5,"column":44}},"loc":{"start":{"line":5,"column":68},"end":{"line":11,"column":1}}}},"branchMap":{},"s":{"0":0,"1":0,"2":0,"3":0},"f":{"0":0},"b":{}}
,"C:\\Users\\Алёна\\Desktop\\rss_coding\\eCommerce-Application-11\\src\\shared\\UI\\Checkbox\\AddressCheckbox.tsx": {"path":"C:\\Users\\Алёна\\Desktop\\rss_coding\\eCommerce-Application-11\\src\\shared\\UI\\Checkbox\\AddressCheckbox.tsx","statementMap":{"0":{"start":{"line":1,"column":0},"end":{"line":1,"column":41}},"1":{"start":{"line":3,"column":0},"end":{"line":3,"column":45}},"2":{"start":{"line":5,"column":24},"end":{"line":15,"column":1}},"3":{"start":{"line":6,"column":2},"end":{"line":14,"column":4}},"4":{"start":{"line":11,"column":8},"end":{"line":11,"column":116}},"5":{"start":{"line":17,"column":0},"end":{"line":17,"column":31}}},"fnMap":{"0":{"name":"(anonymous_0)","decl":{"start":{"line":5,"column":24},"end":{"line":5,"column":25}},"loc":{"start":{"line":5,"column":63},"end":{"line":15,"column":1}}},"1":{"name":"(anonymous_1)","decl":{"start":{"line":10,"column":14},"end":{"line":10,"column":30}},"loc":{"start":{"line":11,"column":8},"end":{"line":11,"column":116}}}},"branchMap":{},"s":{"0":0,"1":0,"2":0,"3":0,"4":0,"5":0},"f":{"0":0,"1":0},"b":{}}
,"C:\\Users\\Алёна\\Desktop\\rss_coding\\eCommerce-Application-11\\src\\shared\\UI\\Inputs\\DateOfBirthInput.tsx": {"path":"C:\\Users\\Алёна\\Desktop\\rss_coding\\eCommerce-Application-11\\src\\shared\\UI\\Inputs\\DateOfBirthInput.tsx","statementMap":{"0":{"start":{"line":2,"column":0},"end":{"line":2,"column":64}},"1":{"start":{"line":3,"column":0},"end":{"line":3,"column":80}},"2":{"start":{"line":4,"column":0},"end":{"line":4,"column":48}},"3":{"start":{"line":5,"column":0},"end":{"line":5,"column":45}},"4":{"start":{"line":6,"column":0},"end":{"line":6,"column":71}},"5":{"start":{"line":7,"column":0},"end":{"line":7,"column":33}},"6":{"start":{"line":8,"column":0},"end":{"line":8,"column":69}},"7":{"start":{"line":10,"column":25},"end":{"line":51,"column":1}},"8":{"start":{"line":11,"column":32},"end":{"line":11,"column":46}},"9":{"start":{"line":12,"column":32},"end":{"line":12,"column":44}},"10":{"start":{"line":14,"column":28},"end":{"line":21,"column":3}},"11":{"start":{"line":15,"column":4},"end":{"line":20,"column":null}},"12":{"start":{"line":16,"column":27},"end":{"line":16,"column":85}},"13":{"start":{"line":17,"column":27},"end":{"line":17,"column":85}},"14":{"start":{"line":18,"column":6},"end":{"line":18,"column":31}},"15":{"start":{"line":19,"column":6},"end":{"line":19,"column":31}},"16":{"start":{"line":23,"column":2},"end":{"line":50,"column":4}},"17":{"start":{"line":29,"column":8},"end":{"line":46,"column":null}},"18":{"start":{"line":36,"column":14},"end":{"line":36,"column":32}},"19":{"start":{"line":37,"column":14},"end":{"line":37,"column":35}},"20":{"start":{"line":53,"column":0},"end":{"line":53,"column":32}}},"fnMap":{"0":{"name":"(anonymous_1)","decl":{"start":{"line":10,"column":25},"end":{"line":10,"column":26}},"loc":{"start":{"line":10,"column":61},"end":{"line":51,"column":1}}},"1":{"name":"(anonymous_2)","decl":{"start":{"line":14,"column":28},"end":{"line":14,"column":29}},"loc":{"start":{"line":14,"column":55},"end":{"line":21,"column":3}}},"2":{"name":"(anonymous_3)","decl":{"start":{"line":28,"column":14},"end":{"line":28,"column":15}},"loc":{"start":{"line":29,"column":8},"end":{"line":46,"column":null}}},"3":{"name":"(anonymous_4)","decl":{"start":{"line":35,"column":22},"end":{"line":35,"column":23}},"loc":{"start":{"line":35,"column":34},"end":{"line":38,"column":13}}}},"branchMap":{"0":{"loc":{"start":{"line":15,"column":4},"end":{"line":20,"column":null}},"type":"if","locations":[{"start":{"line":15,"column":4},"end":{"line":20,"column":null}}]},"1":{"loc":{"start":{"line":41,"column":23},"end":{"line":41,"column":70}},"type":"binary-expr","locations":[{"start":{"line":41,"column":23},"end":{"line":41,"column":58}},{"start":{"line":41,"column":62},"end":{"line":41,"column":70}}]},"2":{"loc":{"start":{"line":42,"column":28},"end":{"line":42,"column":82}},"type":"cond-expr","locations":[{"start":{"line":42,"column":39},"end":{"line":42,"column":46}},{"start":{"line":42,"column":49},"end":{"line":42,"column":82}}]}},"s":{"0":0,"1":0,"2":0,"3":0,"4":0,"5":0,"6":0,"7":0,"8":0,"9":0,"10":0,"11":0,"12":0,"13":0,"14":0,"15":0,"16":0,"17":0,"18":0,"19":0,"20":0},"f":{"0":0,"1":0,"2":0,"3":0},"b":{"0":[0],"1":[0,0],"2":[0,0]}}
,"C:\\Users\\Алёна\\Desktop\\rss_coding\\eCommerce-Application-11\\src\\shared\\UI\\Inputs\\FirstNameInput.tsx": {"path":"C:\\Users\\Алёна\\Desktop\\rss_coding\\eCommerce-Application-11\\src\\shared\\UI\\Inputs\\FirstNameInput.tsx","statementMap":{"0":{"start":{"line":1,"column":0},"end":{"line":1,"column":42}},"1":{"start":{"line":3,"column":0},"end":{"line":3,"column":45}},"2":{"start":{"line":4,"column":0},"end":{"line":4,"column":65}},"3":{"start":{"line":5,"column":0},"end":{"line":5,"column":33}},"4":{"start":{"line":6,"column":0},"end":{"line":6,"column":69}},"5":{"start":{"line":8,"column":23},"end":{"line":43,"column":1}},"6":{"start":{"line":9,"column":32},"end":{"line":9,"column":46}},"7":{"start":{"line":10,"column":32},"end":{"line":10,"column":44}},"8":{"start":{"line":12,"column":28},"end":{"line":18,"column":3}},"9":{"start":{"line":13,"column":18},"end":{"line":13,"column":32}},"10":{"start":{"line":14,"column":25},"end":{"line":14,"column":81}},"11":{"start":{"line":15,"column":25},"end":{"line":15,"column":81}},"12":{"start":{"line":16,"column":4},"end":{"line":16,"column":29}},"13":{"start":{"line":17,"column":4},"end":{"line":17,"column":29}},"14":{"start":{"line":20,"column":2},"end":{"line":42,"column":4}},"15":{"start":{"line":26,"column":8},"end":{"line":38,"column":null}},"16":{"start":{"line":33,"column":12},"end":{"line":33,"column":30}},"17":{"start":{"line":34,"column":12},"end":{"line":34,"column":33}},"18":{"start":{"line":45,"column":0},"end":{"line":45,"column":30}}},"fnMap":{"0":{"name":"(anonymous_1)","decl":{"start":{"line":8,"column":23},"end":{"line":8,"column":24}},"loc":{"start":{"line":8,"column":59},"end":{"line":43,"column":1}}},"1":{"name":"(anonymous_2)","decl":{"start":{"line":12,"column":28},"end":{"line":12,"column":29}},"loc":{"start":{"line":12,"column":99},"end":{"line":18,"column":3}}},"2":{"name":"(anonymous_3)","decl":{"start":{"line":25,"column":14},"end":{"line":25,"column":15}},"loc":{"start":{"line":26,"column":8},"end":{"line":38,"column":null}}},"3":{"name":"(anonymous_4)","decl":{"start":{"line":32,"column":20},"end":{"line":32,"column":21}},"loc":{"start":{"line":32,"column":32},"end":{"line":35,"column":11}}}},"branchMap":{"0":{"loc":{"start":{"line":31,"column":19},"end":{"line":31,"column":46}},"type":"binary-expr","locations":[{"start":{"line":31,"column":19},"end":{"line":31,"column":32}},{"start":{"line":31,"column":36},"end":{"line":31,"column":46}}]},"1":{"loc":{"start":{"line":36,"column":17},"end":{"line":36,"column":34}},"type":"binary-expr","locations":[{"start":{"line":36,"column":17},"end":{"line":36,"column":28}},{"start":{"line":36,"column":32},"end":{"line":36,"column":34}}]},"2":{"loc":{"start":{"line":37,"column":17},"end":{"line":37,"column":62}},"type":"binary-expr","locations":[{"start":{"line":37,"column":17},"end":{"line":37,"column":50}},{"start":{"line":37,"column":54},"end":{"line":37,"column":62}}]},"3":{"loc":{"start":{"line":38,"column":22},"end":{"line":38,"column":74}},"type":"cond-expr","locations":[{"start":{"line":38,"column":33},"end":{"line":38,"column":40}},{"start":{"line":38,"column":43},"end":{"line":38,"column":74}}]}},"s":{"0":0,"1":0,"2":0,"3":0,"4":0,"5":0,"6":0,"7":0,"8":0,"9":0,"10":0,"11":0,"12":0,"13":0,"14":0,"15":0,"16":0,"17":0,"18":0},"f":{"0":0,"1":0,"2":0,"3":0},"b":{"0":[0,0],"1":[0,0],"2":[0,0],"3":[0,0]}}
,"C:\\Users\\Алёна\\Desktop\\rss_coding\\eCommerce-Application-11\\src\\shared\\UI\\Inputs\\LastNameInput.tsx": {"path":"C:\\Users\\Алёна\\Desktop\\rss_coding\\eCommerce-Application-11\\src\\shared\\UI\\Inputs\\LastNameInput.tsx","statementMap":{"0":{"start":{"line":1,"column":0},"end":{"line":1,"column":42}},"1":{"start":{"line":3,"column":0},"end":{"line":3,"column":45}},"2":{"start":{"line":4,"column":0},"end":{"line":4,"column":65}},"3":{"start":{"line":5,"column":0},"end":{"line":5,"column":33}},"4":{"start":{"line":6,"column":0},"end":{"line":6,"column":69}},"5":{"start":{"line":8,"column":22},"end":{"line":43,"column":1}},"6":{"start":{"line":9,"column":32},"end":{"line":9,"column":46}},"7":{"start":{"line":10,"column":32},"end":{"line":10,"column":44}},"8":{"start":{"line":12,"column":28},"end":{"line":18,"column":3}},"9":{"start":{"line":13,"column":18},"end":{"line":13,"column":32}},"10":{"start":{"line":14,"column":25},"end":{"line":14,"column":81}},"11":{"start":{"line":15,"column":25},"end":{"line":15,"column":81}},"12":{"start":{"line":16,"column":4},"end":{"line":16,"column":29}},"13":{"start":{"line":17,"column":4},"end":{"line":17,"column":29}},"14":{"start":{"line":20,"column":2},"end":{"line":42,"column":4}},"15":{"start":{"line":26,"column":8},"end":{"line":38,"column":null}},"16":{"start":{"line":33,"column":12},"end":{"line":33,"column":30}},"17":{"start":{"line":34,"column":12},"end":{"line":34,"column":33}},"18":{"start":{"line":45,"column":0},"end":{"line":45,"column":29}}},"fnMap":{"0":{"name":"(anonymous_1)","decl":{"start":{"line":8,"column":22},"end":{"line":8,"column":23}},"loc":{"start":{"line":8,"column":58},"end":{"line":43,"column":1}}},"1":{"name":"(anonymous_2)","decl":{"start":{"line":12,"column":28},"end":{"line":12,"column":29}},"loc":{"start":{"line":12,"column":99},"end":{"line":18,"column":3}}},"2":{"name":"(anonymous_3)","decl":{"start":{"line":25,"column":14},"end":{"line":25,"column":15}},"loc":{"start":{"line":26,"column":8},"end":{"line":38,"column":null}}},"3":{"name":"(anonymous_4)","decl":{"start":{"line":32,"column":20},"end":{"line":32,"column":21}},"loc":{"start":{"line":32,"column":32},"end":{"line":35,"column":11}}}},"branchMap":{"0":{"loc":{"start":{"line":31,"column":19},"end":{"line":31,"column":46}},"type":"binary-expr","locations":[{"start":{"line":31,"column":19},"end":{"line":31,"column":32}},{"start":{"line":31,"column":36},"end":{"line":31,"column":46}}]},"1":{"loc":{"start":{"line":36,"column":17},"end":{"line":36,"column":34}},"type":"binary-expr","locations":[{"start":{"line":36,"column":17},"end":{"line":36,"column":28}},{"start":{"line":36,"column":32},"end":{"line":36,"column":34}}]},"2":{"loc":{"start":{"line":37,"column":17},"end":{"line":37,"column":61}},"type":"binary-expr","locations":[{"start":{"line":37,"column":17},"end":{"line":37,"column":49}},{"start":{"line":37,"column":53},"end":{"line":37,"column":61}}]},"3":{"loc":{"start":{"line":38,"column":22},"end":{"line":38,"column":73}},"type":"cond-expr","locations":[{"start":{"line":38,"column":33},"end":{"line":38,"column":40}},{"start":{"line":38,"column":43},"end":{"line":38,"column":73}}]}},"s":{"0":0,"1":0,"2":0,"3":0,"4":0,"5":0,"6":0,"7":0,"8":0,"9":0,"10":0,"11":0,"12":0,"13":0,"14":0,"15":0,"16":0,"17":0,"18":0},"f":{"0":0,"1":0,"2":0,"3":0},"b":{"0":[0,0],"1":[0,0],"2":[0,0],"3":[0,0]}}
,"C:\\Users\\Алёна\\Desktop\\rss_coding\\eCommerce-Application-11\\src\\shared\\UI\\Inputs\\emailInput.tsx": {"path":"C:\\Users\\Алёна\\Desktop\\rss_coding\\eCommerce-Application-11\\src\\shared\\UI\\Inputs\\emailInput.tsx","statementMap":{"0":{"start":{"line":3,"column":0},"end":{"line":3,"column":48}},"1":{"start":{"line":4,"column":0},"end":{"line":4,"column":67}},"2":{"start":{"line":5,"column":0},"end":{"line":5,"column":33}},"3":{"start":{"line":6,"column":0},"end":{"line":6,"column":45}},"4":{"start":{"line":7,"column":0},"end":{"line":7,"column":69}},"5":{"start":{"line":9,"column":42},"end":{"line":45,"column":1}},"6":{"start":{"line":10,"column":37},"end":{"line":10,"column":51}},"7":{"start":{"line":11,"column":37},"end":{"line":11,"column":49}},"8":{"start":{"line":13,"column":28},"end":{"line":19,"column":3}},"9":{"start":{"line":14,"column":18},"end":{"line":14,"column":32}},"10":{"start":{"line":15,"column":25},"end":{"line":15,"column":82}},"11":{"start":{"line":16,"column":25},"end":{"line":16,"column":82}},"12":{"start":{"line":17,"column":4},"end":{"line":17,"column":34}},"13":{"start":{"line":18,"column":4},"end":{"line":18,"column":34}},"14":{"start":{"line":21,"column":2},"end":{"line":44,"column":4}},"15":{"start":{"line":27,"column":8},"end":{"line":40,"column":null}},"16":{"start":{"line":35,"column":12},"end":{"line":35,"column":30}},"17":{"start":{"line":36,"column":12},"end":{"line":36,"column":33}},"18":{"start":{"line":47,"column":0},"end":{"line":47,"column":26}}},"fnMap":{"0":{"name":"(anonymous_1)","decl":{"start":{"line":9,"column":42},"end":{"line":9,"column":43}},"loc":{"start":{"line":9,"column":65},"end":{"line":45,"column":1}}},"1":{"name":"(anonymous_2)","decl":{"start":{"line":13,"column":28},"end":{"line":13,"column":29}},"loc":{"start":{"line":13,"column":99},"end":{"line":19,"column":3}}},"2":{"name":"(anonymous_3)","decl":{"start":{"line":26,"column":14},"end":{"line":26,"column":15}},"loc":{"start":{"line":27,"column":8},"end":{"line":40,"column":null}}},"3":{"name":"(anonymous_4)","decl":{"start":{"line":34,"column":20},"end":{"line":34,"column":21}},"loc":{"start":{"line":34,"column":32},"end":{"line":37,"column":11}}}},"branchMap":{"0":{"loc":{"start":{"line":31,"column":19},"end":{"line":31,"column":46}},"type":"binary-expr","locations":[{"start":{"line":31,"column":19},"end":{"line":31,"column":32}},{"start":{"line":31,"column":36},"end":{"line":31,"column":46}}]},"1":{"loc":{"start":{"line":38,"column":17},"end":{"line":38,"column":34}},"type":"binary-expr","locations":[{"start":{"line":38,"column":17},"end":{"line":38,"column":28}},{"start":{"line":38,"column":32},"end":{"line":38,"column":34}}]},"2":{"loc":{"start":{"line":39,"column":17},"end":{"line":39,"column":58}},"type":"binary-expr","locations":[{"start":{"line":39,"column":17},"end":{"line":39,"column":46}},{"start":{"line":39,"column":50},"end":{"line":39,"column":58}}]},"3":{"loc":{"start":{"line":40,"column":22},"end":{"line":40,"column":70}},"type":"cond-expr","locations":[{"start":{"line":40,"column":33},"end":{"line":40,"column":40}},{"start":{"line":40,"column":43},"end":{"line":40,"column":70}}]}},"s":{"0":0,"1":0,"2":0,"3":0,"4":0,"5":0,"6":0,"7":0,"8":0,"9":0,"10":0,"11":0,"12":0,"13":0,"14":0,"15":0,"16":0,"17":0,"18":0},"f":{"0":0,"1":0,"2":0,"3":0},"b":{"0":[0,0],"1":[0,0],"2":[0,0],"3":[0,0]}}
,"C:\\Users\\Алёна\\Desktop\\rss_coding\\eCommerce-Application-11\\src\\shared\\UI\\Inputs\\passwordInput.tsx": {"path":"C:\\Users\\Алёна\\Desktop\\rss_coding\\eCommerce-Application-11\\src\\shared\\UI\\Inputs\\passwordInput.tsx","statementMap":{"0":{"start":{"line":1,"column":0},"end":{"line":1,"column":26}},"1":{"start":{"line":2,"column":0},"end":{"line":2,"column":45}},"2":{"start":{"line":4,"column":0},"end":{"line":4,"column":73}},"3":{"start":{"line":6,"column":0},"end":{"line":6,"column":52}},"4":{"start":{"line":7,"column":0},"end":{"line":7,"column":50}},"5":{"start":{"line":8,"column":0},"end":{"line":8,"column":40}},"6":{"start":{"line":9,"column":0},"end":{"line":9,"column":58}},"7":{"start":{"line":10,"column":0},"end":{"line":10,"column":50}},"8":{"start":{"line":11,"column":0},"end":{"line":11,"column":47}},"9":{"start":{"line":12,"column":0},"end":{"line":12,"column":56}},"10":{"start":{"line":13,"column":0},"end":{"line":13,"column":62}},"11":{"start":{"line":14,"column":0},"end":{"line":14,"column":33}},"12":{"start":{"line":15,"column":0},"end":{"line":15,"column":69}},"13":{"start":{"line":19,"column":32},"end":{"line":21,"column":1}},"14":{"start":{"line":20,"column":2},"end":{"line":20,"column":25}},"15":{"start":{"line":23,"column":45},"end":{"line":78,"column":1}},"16":{"start":{"line":24,"column":42},"end":{"line":24,"column":63}},"17":{"start":{"line":25,"column":32},"end":{"line":25,"column":46}},"18":{"start":{"line":26,"column":32},"end":{"line":26,"column":44}},"19":{"start":{"line":28,"column":28},"end":{"line":34,"column":3}},"20":{"start":{"line":29,"column":18},"end":{"line":29,"column":32}},"21":{"start":{"line":30,"column":25},"end":{"line":30,"column":85}},"22":{"start":{"line":31,"column":25},"end":{"line":31,"column":85}},"23":{"start":{"line":32,"column":4},"end":{"line":32,"column":29}},"24":{"start":{"line":33,"column":4},"end":{"line":33,"column":29}},"25":{"start":{"line":36,"column":34},"end":{"line":36,"column":78}},"26":{"start":{"line":36,"column":46},"end":{"line":36,"column":78}},"27":{"start":{"line":36,"column":72},"end":{"line":36,"column":77}},"28":{"start":{"line":38,"column":2},"end":{"line":77,"column":4}},"29":{"start":{"line":44,"column":8},"end":{"line":73,"column":null}},"30":{"start":{"line":56,"column":14},"end":{"line":56,"column":32}},"31":{"start":{"line":57,"column":14},"end":{"line":57,"column":35}},"32":{"start":{"line":80,"column":0},"end":{"line":80,"column":29}}},"fnMap":{"0":{"name":"(anonymous_1)","decl":{"start":{"line":19,"column":32},"end":{"line":19,"column":33}},"loc":{"start":{"line":19,"column":85},"end":{"line":21,"column":1}}},"1":{"name":"(anonymous_2)","decl":{"start":{"line":23,"column":45},"end":{"line":23,"column":46}},"loc":{"start":{"line":23,"column":55},"end":{"line":78,"column":1}}},"2":{"name":"(anonymous_3)","decl":{"start":{"line":28,"column":28},"end":{"line":28,"column":29}},"loc":{"start":{"line":28,"column":99},"end":{"line":34,"column":3}}},"3":{"name":"(anonymous_4)","decl":{"start":{"line":36,"column":34},"end":{"line":36,"column":43}},"loc":{"start":{"line":36,"column":46},"end":{"line":36,"column":78}}},"4":{"name":"(anonymous_5)","decl":{"start":{"line":36,"column":62},"end":{"line":36,"column":63}},"loc":{"start":{"line":36,"column":72},"end":{"line":36,"column":77}}},"5":{"name":"(anonymous_6)","decl":{"start":{"line":43,"column":14},"end":{"line":43,"column":15}},"loc":{"start":{"line":44,"column":8},"end":{"line":73,"column":null}}},"6":{"name":"(anonymous_7)","decl":{"start":{"line":55,"column":22},"end":{"line":55,"column":23}},"loc":{"start":{"line":55,"column":34},"end":{"line":58,"column":13}}}},"branchMap":{"0":{"loc":{"start":{"line":47,"column":17},"end":{"line":47,"column":61}},"type":"binary-expr","locations":[{"start":{"line":47,"column":17},"end":{"line":47,"column":49}},{"start":{"line":47,"column":53},"end":{"line":47,"column":61}}]},"1":{"loc":{"start":{"line":54,"column":18},"end":{"line":54,"column":52}},"type":"cond-expr","locations":[{"start":{"line":54,"column":33},"end":{"line":54,"column":39}},{"start":{"line":54,"column":42},"end":{"line":54,"column":52}}]},"2":{"loc":{"start":{"line":59,"column":19},"end":{"line":59,"column":36}},"type":"binary-expr","locations":[{"start":{"line":59,"column":19},"end":{"line":59,"column":30}},{"start":{"line":59,"column":34},"end":{"line":59,"column":36}}]},"3":{"loc":{"start":{"line":68,"column":19},"end":{"line":68,"column":68}},"type":"cond-expr","locations":[{"start":{"line":68,"column":34},"end":{"line":68,"column":51}},{"start":{"line":68,"column":54},"end":{"line":68,"column":68}}]},"4":{"loc":{"start":{"line":73,"column":27},"end":{"line":73,"column":78}},"type":"cond-expr","locations":[{"start":{"line":73,"column":38},"end":{"line":73,"column":45}},{"start":{"line":73,"column":48},"end":{"line":73,"column":78}}]}},"s":{"0":0,"1":0,"2":0,"3":0,"4":0,"5":0,"6":0,"7":0,"8":0,"9":0,"10":0,"11":0,"12":0,"13":0,"14":0,"15":0,"16":0,"17":0,"18":0,"19":0,"20":0,"21":0,"22":0,"23":0,"24":0,"25":0,"26":0,"27":0,"28":0,"29":0,"30":0,"31":0,"32":0},"f":{"0":0,"1":0,"2":0,"3":0,"4":0,"5":0,"6":0},"b":{"0":[0,0],"1":[0,0],"2":[0,0],"3":[0,0],"4":[0,0]}}
,"C:\\Users\\Алёна\\Desktop\\rss_coding\\eCommerce-Application-11\\src\\shared\\UI\\Inputs\\address\\BuildingBillingInput.tsx": {"path":"C:\\Users\\Алёна\\Desktop\\rss_coding\\eCommerce-Application-11\\src\\shared\\UI\\Inputs\\address\\BuildingBillingInput.tsx","statementMap":{"0":{"start":{"line":1,"column":0},"end":{"line":1,"column":42}},"1":{"start":{"line":3,"column":0},"end":{"line":3,"column":45}},"2":{"start":{"line":4,"column":0},"end":{"line":4,"column":76}},"3":{"start":{"line":5,"column":0},"end":{"line":5,"column":33}},"4":{"start":{"line":6,"column":0},"end":{"line":6,"column":72}},"5":{"start":{"line":8,"column":29},"end":{"line":43,"column":1}},"6":{"start":{"line":9,"column":32},"end":{"line":9,"column":46}},"7":{"start":{"line":10,"column":32},"end":{"line":10,"column":44}},"8":{"start":{"line":12,"column":28},"end":{"line":18,"column":3}},"9":{"start":{"line":13,"column":18},"end":{"line":13,"column":32}},"10":{"start":{"line":14,"column":25},"end":{"line":14,"column":85}},"11":{"start":{"line":15,"column":25},"end":{"line":15,"column":85}},"12":{"start":{"line":16,"column":4},"end":{"line":16,"column":29}},"13":{"start":{"line":17,"column":4},"end":{"line":17,"column":29}},"14":{"start":{"line":20,"column":2},"end":{"line":42,"column":4}},"15":{"start":{"line":26,"column":8},"end":{"line":38,"column":null}},"16":{"start":{"line":33,"column":12},"end":{"line":33,"column":30}},"17":{"start":{"line":34,"column":12},"end":{"line":34,"column":33}},"18":{"start":{"line":45,"column":0},"end":{"line":45,"column":36}}},"fnMap":{"0":{"name":"(anonymous_1)","decl":{"start":{"line":8,"column":29},"end":{"line":8,"column":30}},"loc":{"start":{"line":8,"column":65},"end":{"line":43,"column":1}}},"1":{"name":"(anonymous_2)","decl":{"start":{"line":12,"column":28},"end":{"line":12,"column":29}},"loc":{"start":{"line":12,"column":99},"end":{"line":18,"column":3}}},"2":{"name":"(anonymous_3)","decl":{"start":{"line":25,"column":14},"end":{"line":25,"column":15}},"loc":{"start":{"line":26,"column":8},"end":{"line":38,"column":null}}},"3":{"name":"(anonymous_4)","decl":{"start":{"line":32,"column":20},"end":{"line":32,"column":21}},"loc":{"start":{"line":32,"column":32},"end":{"line":35,"column":11}}}},"branchMap":{"0":{"loc":{"start":{"line":31,"column":19},"end":{"line":31,"column":46}},"type":"binary-expr","locations":[{"start":{"line":31,"column":19},"end":{"line":31,"column":32}},{"start":{"line":31,"column":36},"end":{"line":31,"column":46}}]},"1":{"loc":{"start":{"line":36,"column":17},"end":{"line":36,"column":34}},"type":"binary-expr","locations":[{"start":{"line":36,"column":17},"end":{"line":36,"column":28}},{"start":{"line":36,"column":32},"end":{"line":36,"column":34}}]},"2":{"loc":{"start":{"line":37,"column":17},"end":{"line":37,"column":68}},"type":"binary-expr","locations":[{"start":{"line":37,"column":17},"end":{"line":37,"column":56}},{"start":{"line":37,"column":60},"end":{"line":37,"column":68}}]},"3":{"loc":{"start":{"line":38,"column":22},"end":{"line":38,"column":80}},"type":"cond-expr","locations":[{"start":{"line":38,"column":33},"end":{"line":38,"column":40}},{"start":{"line":38,"column":43},"end":{"line":38,"column":80}}]}},"s":{"0":0,"1":0,"2":0,"3":0,"4":0,"5":0,"6":0,"7":0,"8":0,"9":0,"10":0,"11":0,"12":0,"13":0,"14":0,"15":0,"16":0,"17":0,"18":0},"f":{"0":0,"1":0,"2":0,"3":0},"b":{"0":[0,0],"1":[0,0],"2":[0,0],"3":[0,0]}}
,"C:\\Users\\Алёна\\Desktop\\rss_coding\\eCommerce-Application-11\\src\\shared\\UI\\Inputs\\address\\BuildingShippingInput.tsx": {"path":"C:\\Users\\Алёна\\Desktop\\rss_coding\\eCommerce-Application-11\\src\\shared\\UI\\Inputs\\address\\BuildingShippingInput.tsx","statementMap":{"0":{"start":{"line":1,"column":0},"end":{"line":1,"column":42}},"1":{"start":{"line":3,"column":0},"end":{"line":3,"column":45}},"2":{"start":{"line":4,"column":0},"end":{"line":4,"column":76}},"3":{"start":{"line":5,"column":0},"end":{"line":5,"column":33}},"4":{"start":{"line":6,"column":0},"end":{"line":6,"column":72}},"5":{"start":{"line":8,"column":30},"end":{"line":42,"column":1}},"6":{"start":{"line":9,"column":32},"end":{"line":9,"column":46}},"7":{"start":{"line":10,"column":32},"end":{"line":10,"column":44}},"8":{"start":{"line":12,"column":28},"end":{"line":18,"column":3}},"9":{"start":{"line":13,"column":18},"end":{"line":13,"column":32}},"10":{"start":{"line":14,"column":25},"end":{"line":14,"column":85}},"11":{"start":{"line":15,"column":25},"end":{"line":15,"column":85}},"12":{"start":{"line":16,"column":4},"end":{"line":16,"column":29}},"13":{"start":{"line":17,"column":4},"end":{"line":17,"column":29}},"14":{"start":{"line":19,"column":2},"end":{"line":41,"column":4}},"15":{"start":{"line":25,"column":8},"end":{"line":37,"column":null}},"16":{"start":{"line":32,"column":12},"end":{"line":32,"column":30}},"17":{"start":{"line":33,"column":12},"end":{"line":33,"column":33}},"18":{"start":{"line":44,"column":0},"end":{"line":44,"column":37}}},"fnMap":{"0":{"name":"(anonymous_1)","decl":{"start":{"line":8,"column":30},"end":{"line":8,"column":31}},"loc":{"start":{"line":8,"column":66},"end":{"line":42,"column":1}}},"1":{"name":"(anonymous_2)","decl":{"start":{"line":12,"column":28},"end":{"line":12,"column":29}},"loc":{"start":{"line":12,"column":99},"end":{"line":18,"column":3}}},"2":{"name":"(anonymous_3)","decl":{"start":{"line":24,"column":14},"end":{"line":24,"column":15}},"loc":{"start":{"line":25,"column":8},"end":{"line":37,"column":null}}},"3":{"name":"(anonymous_4)","decl":{"start":{"line":31,"column":20},"end":{"line":31,"column":21}},"loc":{"start":{"line":31,"column":32},"end":{"line":34,"column":11}}}},"branchMap":{"0":{"loc":{"start":{"line":30,"column":19},"end":{"line":30,"column":46}},"type":"binary-expr","locations":[{"start":{"line":30,"column":19},"end":{"line":30,"column":32}},{"start":{"line":30,"column":36},"end":{"line":30,"column":46}}]},"1":{"loc":{"start":{"line":35,"column":17},"end":{"line":35,"column":34}},"type":"binary-expr","locations":[{"start":{"line":35,"column":17},"end":{"line":35,"column":28}},{"start":{"line":35,"column":32},"end":{"line":35,"column":34}}]},"2":{"loc":{"start":{"line":36,"column":17},"end":{"line":36,"column":69}},"type":"binary-expr","locations":[{"start":{"line":36,"column":17},"end":{"line":36,"column":57}},{"start":{"line":36,"column":61},"end":{"line":36,"column":69}}]},"3":{"loc":{"start":{"line":37,"column":22},"end":{"line":37,"column":81}},"type":"cond-expr","locations":[{"start":{"line":37,"column":33},"end":{"line":37,"column":40}},{"start":{"line":37,"column":43},"end":{"line":37,"column":81}}]}},"s":{"0":0,"1":0,"2":0,"3":0,"4":0,"5":0,"6":0,"7":0,"8":0,"9":0,"10":0,"11":0,"12":0,"13":0,"14":0,"15":0,"16":0,"17":0,"18":0},"f":{"0":0,"1":0,"2":0,"3":0},"b":{"0":[0,0],"1":[0,0],"2":[0,0],"3":[0,0]}}
,"C:\\Users\\Алёна\\Desktop\\rss_coding\\eCommerce-Application-11\\src\\shared\\UI\\Inputs\\address\\CityBillingInput.tsx": {"path":"C:\\Users\\Алёна\\Desktop\\rss_coding\\eCommerce-Application-11\\src\\shared\\UI\\Inputs\\address\\CityBillingInput.tsx","statementMap":{"0":{"start":{"line":1,"column":0},"end":{"line":1,"column":42}},"1":{"start":{"line":3,"column":0},"end":{"line":3,"column":45}},"2":{"start":{"line":4,"column":0},"end":{"line":4,"column":68}},"3":{"start":{"line":5,"column":0},"end":{"line":5,"column":33}},"4":{"start":{"line":6,"column":0},"end":{"line":6,"column":72}},"5":{"start":{"line":8,"column":25},"end":{"line":43,"column":1}},"6":{"start":{"line":9,"column":32},"end":{"line":9,"column":46}},"7":{"start":{"line":10,"column":32},"end":{"line":10,"column":44}},"8":{"start":{"line":12,"column":28},"end":{"line":18,"column":3}},"9":{"start":{"line":13,"column":18},"end":{"line":13,"column":32}},"10":{"start":{"line":14,"column":25},"end":{"line":14,"column":81}},"11":{"start":{"line":15,"column":25},"end":{"line":15,"column":81}},"12":{"start":{"line":16,"column":4},"end":{"line":16,"column":29}},"13":{"start":{"line":17,"column":4},"end":{"line":17,"column":29}},"14":{"start":{"line":20,"column":2},"end":{"line":42,"column":4}},"15":{"start":{"line":26,"column":8},"end":{"line":38,"column":null}},"16":{"start":{"line":33,"column":12},"end":{"line":33,"column":30}},"17":{"start":{"line":34,"column":12},"end":{"line":34,"column":33}},"18":{"start":{"line":45,"column":0},"end":{"line":45,"column":32}}},"fnMap":{"0":{"name":"(anonymous_1)","decl":{"start":{"line":8,"column":25},"end":{"line":8,"column":26}},"loc":{"start":{"line":8,"column":61},"end":{"line":43,"column":1}}},"1":{"name":"(anonymous_2)","decl":{"start":{"line":12,"column":28},"end":{"line":12,"column":29}},"loc":{"start":{"line":12,"column":99},"end":{"line":18,"column":3}}},"2":{"name":"(anonymous_3)","decl":{"start":{"line":25,"column":14},"end":{"line":25,"column":15}},"loc":{"start":{"line":26,"column":8},"end":{"line":38,"column":null}}},"3":{"name":"(anonymous_4)","decl":{"start":{"line":32,"column":20},"end":{"line":32,"column":21}},"loc":{"start":{"line":32,"column":32},"end":{"line":35,"column":11}}}},"branchMap":{"0":{"loc":{"start":{"line":31,"column":19},"end":{"line":31,"column":46}},"type":"binary-expr","locations":[{"start":{"line":31,"column":19},"end":{"line":31,"column":32}},{"start":{"line":31,"column":36},"end":{"line":31,"column":46}}]},"1":{"loc":{"start":{"line":36,"column":17},"end":{"line":36,"column":34}},"type":"binary-expr","locations":[{"start":{"line":36,"column":17},"end":{"line":36,"column":28}},{"start":{"line":36,"column":32},"end":{"line":36,"column":34}}]},"2":{"loc":{"start":{"line":37,"column":17},"end":{"line":37,"column":64}},"type":"binary-expr","locations":[{"start":{"line":37,"column":17},"end":{"line":37,"column":52}},{"start":{"line":37,"column":56},"end":{"line":37,"column":64}}]},"3":{"loc":{"start":{"line":38,"column":22},"end":{"line":38,"column":76}},"type":"cond-expr","locations":[{"start":{"line":38,"column":33},"end":{"line":38,"column":40}},{"start":{"line":38,"column":43},"end":{"line":38,"column":76}}]}},"s":{"0":0,"1":0,"2":0,"3":0,"4":0,"5":0,"6":0,"7":0,"8":0,"9":0,"10":0,"11":0,"12":0,"13":0,"14":0,"15":0,"16":0,"17":0,"18":0},"f":{"0":0,"1":0,"2":0,"3":0},"b":{"0":[0,0],"1":[0,0],"2":[0,0],"3":[0,0]}}
,"C:\\Users\\Алёна\\Desktop\\rss_coding\\eCommerce-Application-11\\src\\shared\\UI\\Inputs\\address\\CityShippingInput.tsx": {"path":"C:\\Users\\Алёна\\Desktop\\rss_coding\\eCommerce-Application-11\\src\\shared\\UI\\Inputs\\address\\CityShippingInput.tsx","statementMap":{"0":{"start":{"line":1,"column":0},"end":{"line":1,"column":42}},"1":{"start":{"line":3,"column":0},"end":{"line":3,"column":45}},"2":{"start":{"line":4,"column":0},"end":{"line":4,"column":68}},"3":{"start":{"line":5,"column":0},"end":{"line":5,"column":33}},"4":{"start":{"line":6,"column":0},"end":{"line":6,"column":72}},"5":{"start":{"line":8,"column":26},"end":{"line":43,"column":1}},"6":{"start":{"line":9,"column":32},"end":{"line":9,"column":46}},"7":{"start":{"line":10,"column":32},"end":{"line":10,"column":44}},"8":{"start":{"line":12,"column":28},"end":{"line":18,"column":3}},"9":{"start":{"line":13,"column":18},"end":{"line":13,"column":32}},"10":{"start":{"line":14,"column":25},"end":{"line":14,"column":81}},"11":{"start":{"line":15,"column":25},"end":{"line":15,"column":81}},"12":{"start":{"line":16,"column":4},"end":{"line":16,"column":29}},"13":{"start":{"line":17,"column":4},"end":{"line":17,"column":29}},"14":{"start":{"line":20,"column":2},"end":{"line":42,"column":4}},"15":{"start":{"line":26,"column":8},"end":{"line":38,"column":null}},"16":{"start":{"line":33,"column":12},"end":{"line":33,"column":30}},"17":{"start":{"line":34,"column":12},"end":{"line":34,"column":33}},"18":{"start":{"line":45,"column":0},"end":{"line":45,"column":33}}},"fnMap":{"0":{"name":"(anonymous_1)","decl":{"start":{"line":8,"column":26},"end":{"line":8,"column":27}},"loc":{"start":{"line":8,"column":62},"end":{"line":43,"column":1}}},"1":{"name":"(anonymous_2)","decl":{"start":{"line":12,"column":28},"end":{"line":12,"column":29}},"loc":{"start":{"line":12,"column":99},"end":{"line":18,"column":3}}},"2":{"name":"(anonymous_3)","decl":{"start":{"line":25,"column":14},"end":{"line":25,"column":15}},"loc":{"start":{"line":26,"column":8},"end":{"line":38,"column":null}}},"3":{"name":"(anonymous_4)","decl":{"start":{"line":32,"column":20},"end":{"line":32,"column":21}},"loc":{"start":{"line":32,"column":32},"end":{"line":35,"column":11}}}},"branchMap":{"0":{"loc":{"start":{"line":31,"column":19},"end":{"line":31,"column":46}},"type":"binary-expr","locations":[{"start":{"line":31,"column":19},"end":{"line":31,"column":32}},{"start":{"line":31,"column":36},"end":{"line":31,"column":46}}]},"1":{"loc":{"start":{"line":36,"column":17},"end":{"line":36,"column":34}},"type":"binary-expr","locations":[{"start":{"line":36,"column":17},"end":{"line":36,"column":28}},{"start":{"line":36,"column":32},"end":{"line":36,"column":34}}]},"2":{"loc":{"start":{"line":37,"column":17},"end":{"line":37,"column":65}},"type":"binary-expr","locations":[{"start":{"line":37,"column":17},"end":{"line":37,"column":53}},{"start":{"line":37,"column":57},"end":{"line":37,"column":65}}]},"3":{"loc":{"start":{"line":38,"column":22},"end":{"line":38,"column":77}},"type":"cond-expr","locations":[{"start":{"line":38,"column":33},"end":{"line":38,"column":40}},{"start":{"line":38,"column":43},"end":{"line":38,"column":77}}]}},"s":{"0":0,"1":0,"2":0,"3":0,"4":0,"5":0,"6":0,"7":0,"8":0,"9":0,"10":0,"11":0,"12":0,"13":0,"14":0,"15":0,"16":0,"17":0,"18":0},"f":{"0":0,"1":0,"2":0,"3":0},"b":{"0":[0,0],"1":[0,0],"2":[0,0],"3":[0,0]}}
,"C:\\Users\\Алёна\\Desktop\\rss_coding\\eCommerce-Application-11\\src\\shared\\UI\\Inputs\\address\\CountryBillingInput.tsx": {"path":"C:\\Users\\Алёна\\Desktop\\rss_coding\\eCommerce-Application-11\\src\\shared\\UI\\Inputs\\address\\CountryBillingInput.tsx","statementMap":{"0":{"start":{"line":1,"column":0},"end":{"line":1,"column":64}},"1":{"start":{"line":2,"column":0},"end":{"line":2,"column":61}},"2":{"start":{"line":3,"column":0},"end":{"line":3,"column":49}},"3":{"start":{"line":4,"column":0},"end":{"line":4,"column":55}},"4":{"start":{"line":5,"column":0},"end":{"line":5,"column":74}},"5":{"start":{"line":6,"column":0},"end":{"line":6,"column":45}},"6":{"start":{"line":8,"column":0},"end":{"line":8,"column":33}},"7":{"start":{"line":9,"column":0},"end":{"line":9,"column":72}},"8":{"start":{"line":11,"column":0},"end":{"line":11,"column":47}},"9":{"start":{"line":13,"column":0},"end":{"line":13,"column":95}},"10":{"start":{"line":15,"column":28},"end":{"line":70,"column":1}},"11":{"start":{"line":16,"column":32},"end":{"line":16,"column":46}},"12":{"start":{"line":17,"column":32},"end":{"line":17,"column":44}},"13":{"start":{"line":19,"column":40},"end":{"line":19,"column":59}},"14":{"start":{"line":21,"column":28},"end":{"line":29,"column":3}},"15":{"start":{"line":22,"column":18},"end":{"line":22,"column":32}},"16":{"start":{"line":23,"column":25},"end":{"line":23,"column":84}},"17":{"start":{"line":24,"column":25},"end":{"line":24,"column":84}},"18":{"start":{"line":25,"column":4},"end":{"line":25,"column":29}},"19":{"start":{"line":26,"column":4},"end":{"line":26,"column":29}},"20":{"start":{"line":28,"column":4},"end":{"line":28,"column":37}},"21":{"start":{"line":31,"column":2},"end":{"line":69,"column":4}},"22":{"start":{"line":37,"column":8},"end":{"line":65,"column":null}},"23":{"start":{"line":51,"column":14},"end":{"line":51,"column":32}},"24":{"start":{"line":52,"column":14},"end":{"line":52,"column":35}},"25":{"start":{"line":72,"column":0},"end":{"line":72,"column":35}}},"fnMap":{"0":{"name":"(anonymous_1)","decl":{"start":{"line":15,"column":28},"end":{"line":15,"column":29}},"loc":{"start":{"line":15,"column":64},"end":{"line":70,"column":1}}},"1":{"name":"(anonymous_2)","decl":{"start":{"line":21,"column":28},"end":{"line":21,"column":29}},"loc":{"start":{"line":21,"column":67},"end":{"line":29,"column":3}}},"2":{"name":"(anonymous_3)","decl":{"start":{"line":36,"column":14},"end":{"line":36,"column":15}},"loc":{"start":{"line":37,"column":8},"end":{"line":65,"column":null}}},"3":{"name":"(anonymous_4)","decl":{"start":{"line":50,"column":22},"end":{"line":50,"column":23}},"loc":{"start":{"line":50,"column":34},"end":{"line":53,"column":13}}}},"branchMap":{"0":{"loc":{"start":{"line":40,"column":17},"end":{"line":40,"column":67}},"type":"binary-expr","locations":[{"start":{"line":40,"column":17},"end":{"line":40,"column":55}},{"start":{"line":40,"column":59},"end":{"line":40,"column":67}}]},"1":{"loc":{"start":{"line":48,"column":19},"end":{"line":48,"column":36}},"type":"binary-expr","locations":[{"start":{"line":48,"column":19},"end":{"line":48,"column":30}},{"start":{"line":48,"column":34},"end":{"line":48,"column":36}}]},"2":{"loc":{"start":{"line":65,"column":27},"end":{"line":65,"column":84}},"type":"cond-expr","locations":[{"start":{"line":65,"column":38},"end":{"line":65,"column":45}},{"start":{"line":65,"column":48},"end":{"line":65,"column":84}}]}},"s":{"0":0,"1":0,"2":0,"3":0,"4":0,"5":0,"6":0,"7":0,"8":0,"9":0,"10":0,"11":0,"12":0,"13":0,"14":0,"15":0,"16":0,"17":0,"18":0,"19":0,"20":0,"21":0,"22":0,"23":0,"24":0,"25":0},"f":{"0":0,"1":0,"2":0,"3":0},"b":{"0":[0,0],"1":[0,0],"2":[0,0]}}
,"C:\\Users\\Алёна\\Desktop\\rss_coding\\eCommerce-Application-11\\src\\shared\\UI\\Inputs\\address\\CountryShippingInput.tsx": {"path":"C:\\Users\\Алёна\\Desktop\\rss_coding\\eCommerce-Application-11\\src\\shared\\UI\\Inputs\\address\\CountryShippingInput.tsx","statementMap":{"0":{"start":{"line":1,"column":0},"end":{"line":1,"column":64}},"1":{"start":{"line":2,"column":0},"end":{"line":2,"column":61}},"2":{"start":{"line":3,"column":0},"end":{"line":3,"column":49}},"3":{"start":{"line":4,"column":0},"end":{"line":4,"column":55}},"4":{"start":{"line":5,"column":0},"end":{"line":5,"column":45}},"5":{"start":{"line":7,"column":0},"end":{"line":7,"column":74}},"6":{"start":{"line":8,"column":0},"end":{"line":8,"column":33}},"7":{"start":{"line":9,"column":0},"end":{"line":9,"column":72}},"8":{"start":{"line":11,"column":0},"end":{"line":11,"column":47}},"9":{"start":{"line":13,"column":0},"end":{"line":13,"column":95}},"10":{"start":{"line":15,"column":29},"end":{"line":70,"column":1}},"11":{"start":{"line":16,"column":32},"end":{"line":16,"column":46}},"12":{"start":{"line":17,"column":32},"end":{"line":17,"column":44}},"13":{"start":{"line":19,"column":41},"end":{"line":19,"column":60}},"14":{"start":{"line":21,"column":28},"end":{"line":29,"column":3}},"15":{"start":{"line":22,"column":18},"end":{"line":22,"column":32}},"16":{"start":{"line":23,"column":25},"end":{"line":23,"column":84}},"17":{"start":{"line":24,"column":25},"end":{"line":24,"column":84}},"18":{"start":{"line":25,"column":4},"end":{"line":25,"column":29}},"19":{"start":{"line":26,"column":4},"end":{"line":26,"column":29}},"20":{"start":{"line":28,"column":4},"end":{"line":28,"column":38}},"21":{"start":{"line":31,"column":2},"end":{"line":69,"column":4}},"22":{"start":{"line":37,"column":8},"end":{"line":65,"column":null}},"23":{"start":{"line":51,"column":14},"end":{"line":51,"column":32}},"24":{"start":{"line":52,"column":14},"end":{"line":52,"column":35}},"25":{"start":{"line":72,"column":0},"end":{"line":72,"column":36}}},"fnMap":{"0":{"name":"(anonymous_1)","decl":{"start":{"line":15,"column":29},"end":{"line":15,"column":30}},"loc":{"start":{"line":15,"column":65},"end":{"line":70,"column":1}}},"1":{"name":"(anonymous_2)","decl":{"start":{"line":21,"column":28},"end":{"line":21,"column":29}},"loc":{"start":{"line":21,"column":67},"end":{"line":29,"column":3}}},"2":{"name":"(anonymous_3)","decl":{"start":{"line":36,"column":14},"end":{"line":36,"column":15}},"loc":{"start":{"line":37,"column":8},"end":{"line":65,"column":null}}},"3":{"name":"(anonymous_4)","decl":{"start":{"line":50,"column":22},"end":{"line":50,"column":23}},"loc":{"start":{"line":50,"column":34},"end":{"line":53,"column":13}}}},"branchMap":{"0":{"loc":{"start":{"line":40,"column":17},"end":{"line":40,"column":68}},"type":"binary-expr","locations":[{"start":{"line":40,"column":17},"end":{"line":40,"column":56}},{"start":{"line":40,"column":60},"end":{"line":40,"column":68}}]},"1":{"loc":{"start":{"line":48,"column":19},"end":{"line":48,"column":36}},"type":"binary-expr","locations":[{"start":{"line":48,"column":19},"end":{"line":48,"column":30}},{"start":{"line":48,"column":34},"end":{"line":48,"column":36}}]},"2":{"loc":{"start":{"line":65,"column":27},"end":{"line":65,"column":85}},"type":"cond-expr","locations":[{"start":{"line":65,"column":38},"end":{"line":65,"column":45}},{"start":{"line":65,"column":48},"end":{"line":65,"column":85}}]}},"s":{"0":0,"1":0,"2":0,"3":0,"4":0,"5":0,"6":0,"7":0,"8":0,"9":0,"10":0,"11":0,"12":0,"13":0,"14":0,"15":0,"16":0,"17":0,"18":0,"19":0,"20":0,"21":0,"22":0,"23":0,"24":0,"25":0},"f":{"0":0,"1":0,"2":0,"3":0},"b":{"0":[0,0],"1":[0,0],"2":[0,0]}}
,"C:\\Users\\Алёна\\Desktop\\rss_coding\\eCommerce-Application-11\\src\\shared\\UI\\Inputs\\address\\PostalCodeBillingInput.tsx": {"path":"C:\\Users\\Алёна\\Desktop\\rss_coding\\eCommerce-Application-11\\src\\shared\\UI\\Inputs\\address\\PostalCodeBillingInput.tsx","statementMap":{"0":{"start":{"line":1,"column":0},"end":{"line":1,"column":42}},"1":{"start":{"line":3,"column":0},"end":{"line":3,"column":45}},"2":{"start":{"line":4,"column":0},"end":{"line":4,"column":76}},"3":{"start":{"line":5,"column":0},"end":{"line":5,"column":44}},"4":{"start":{"line":7,"column":0},"end":{"line":7,"column":95}},"5":{"start":{"line":9,"column":31},"end":{"line":63,"column":1}},"6":{"start":{"line":10,"column":32},"end":{"line":10,"column":46}},"7":{"start":{"line":11,"column":32},"end":{"line":11,"column":44}},"8":{"start":{"line":12,"column":38},"end":{"line":12,"column":50}},"9":{"start":{"line":14,"column":37},"end":{"line":14,"column":56}},"10":{"start":{"line":16,"column":2},"end":{"line":19,"column":31}},"11":{"start":{"line":17,"column":4},"end":{"line":17,"column":40}},"12":{"start":{"line":18,"column":4},"end":{"line":18,"column":22}},"13":{"start":{"line":21,"column":28},"end":{"line":32,"column":3}},"14":{"start":{"line":22,"column":18},"end":{"line":22,"column":32}},"15":{"start":{"line":24,"column":4},"end":{"line":24,"column":25}},"16":{"start":{"line":25,"column":25},"end":{"line":25,"column":98}},"17":{"start":{"line":27,"column":6},"end":{"line":29,"column":12}},"18":{"start":{"line":30,"column":4},"end":{"line":30,"column":29}},"19":{"start":{"line":31,"column":4},"end":{"line":31,"column":29}},"20":{"start":{"line":34,"column":2},"end":{"line":62,"column":4}},"21":{"start":{"line":41,"column":10},"end":{"line":41,"column":67}},"22":{"start":{"line":45,"column":8},"end":{"line":58,"column":null}},"23":{"start":{"line":52,"column":12},"end":{"line":52,"column":30}},"24":{"start":{"line":53,"column":12},"end":{"line":53,"column":33}},"25":{"start":{"line":65,"column":0},"end":{"line":65,"column":38}}},"fnMap":{"0":{"name":"(anonymous_1)","decl":{"start":{"line":9,"column":31},"end":{"line":9,"column":32}},"loc":{"start":{"line":9,"column":67},"end":{"line":63,"column":1}}},"1":{"name":"(anonymous_2)","decl":{"start":{"line":16,"column":12},"end":{"line":16,"column":15}},"loc":{"start":{"line":16,"column":17},"end":{"line":19,"column":3}}},"2":{"name":"(anonymous_3)","decl":{"start":{"line":21,"column":28},"end":{"line":21,"column":29}},"loc":{"start":{"line":21,"column":99},"end":{"line":32,"column":3}}},"3":{"name":"(anonymous_4)","decl":{"start":{"line":40,"column":18},"end":{"line":40,"column":19}},"loc":{"start":{"line":40,"column":54},"end":{"line":42,"column":9}}},"4":{"name":"(anonymous_5)","decl":{"start":{"line":44,"column":14},"end":{"line":44,"column":15}},"loc":{"start":{"line":45,"column":8},"end":{"line":58,"column":null}}},"5":{"name":"(anonymous_6)","decl":{"start":{"line":51,"column":20},"end":{"line":51,"column":21}},"loc":{"start":{"line":51,"column":32},"end":{"line":54,"column":11}}}},"branchMap":{"0":{"loc":{"start":{"line":25,"column":25},"end":{"line":25,"column":98}},"type":"cond-expr","locations":[{"start":{"line":25,"column":86},"end":{"line":25,"column":91}},{"start":{"line":25,"column":94},"end":{"line":25,"column":98}}]},"1":{"loc":{"start":{"line":27,"column":6},"end":{"line":29,"column":12}},"type":"cond-expr","locations":[{"start":{"line":28,"column":10},"end":{"line":28,"column":70}},{"start":{"line":29,"column":10},"end":{"line":29,"column":12}}]},"2":{"loc":{"start":{"line":50,"column":19},"end":{"line":50,"column":46}},"type":"binary-expr","locations":[{"start":{"line":50,"column":19},"end":{"line":50,"column":32}},{"start":{"line":50,"column":36},"end":{"line":50,"column":46}}]},"3":{"loc":{"start":{"line":57,"column":17},"end":{"line":57,"column":70}},"type":"binary-expr","locations":[{"start":{"line":57,"column":17},"end":{"line":57,"column":58}},{"start":{"line":57,"column":62},"end":{"line":57,"column":70}}]},"4":{"loc":{"start":{"line":58,"column":22},"end":{"line":58,"column":82}},"type":"cond-expr","locations":[{"start":{"line":58,"column":33},"end":{"line":58,"column":40}},{"start":{"line":58,"column":43},"end":{"line":58,"column":82}}]}},"s":{"0":0,"1":0,"2":0,"3":0,"4":0,"5":0,"6":0,"7":0,"8":0,"9":0,"10":0,"11":0,"12":0,"13":0,"14":0,"15":0,"16":0,"17":0,"18":0,"19":0,"20":0,"21":0,"22":0,"23":0,"24":0,"25":0},"f":{"0":0,"1":0,"2":0,"3":0,"4":0,"5":0},"b":{"0":[0,0],"1":[0,0],"2":[0,0],"3":[0,0],"4":[0,0]}}
,"C:\\Users\\Алёна\\Desktop\\rss_coding\\eCommerce-Application-11\\src\\shared\\UI\\Inputs\\address\\PostalCodeShippingInput.tsx": {"path":"C:\\Users\\Алёна\\Desktop\\rss_coding\\eCommerce-Application-11\\src\\shared\\UI\\Inputs\\address\\PostalCodeShippingInput.tsx","statementMap":{"0":{"start":{"line":1,"column":0},"end":{"line":1,"column":42}},"1":{"start":{"line":3,"column":0},"end":{"line":3,"column":45}},"2":{"start":{"line":4,"column":0},"end":{"line":4,"column":76}},"3":{"start":{"line":5,"column":0},"end":{"line":5,"column":44}},"4":{"start":{"line":7,"column":0},"end":{"line":7,"column":95}},"5":{"start":{"line":9,"column":32},"end":{"line":63,"column":1}},"6":{"start":{"line":10,"column":32},"end":{"line":10,"column":46}},"7":{"start":{"line":11,"column":32},"end":{"line":11,"column":44}},"8":{"start":{"line":12,"column":38},"end":{"line":12,"column":50}},"9":{"start":{"line":14,"column":38},"end":{"line":14,"column":57}},"10":{"start":{"line":16,"column":2},"end":{"line":19,"column":32}},"11":{"start":{"line":17,"column":4},"end":{"line":17,"column":40}},"12":{"start":{"line":18,"column":4},"end":{"line":18,"column":22}},"13":{"start":{"line":21,"column":28},"end":{"line":32,"column":3}},"14":{"start":{"line":22,"column":18},"end":{"line":22,"column":32}},"15":{"start":{"line":24,"column":4},"end":{"line":24,"column":25}},"16":{"start":{"line":25,"column":25},"end":{"line":25,"column":99}},"17":{"start":{"line":27,"column":6},"end":{"line":29,"column":12}},"18":{"start":{"line":30,"column":4},"end":{"line":30,"column":29}},"19":{"start":{"line":31,"column":4},"end":{"line":31,"column":29}},"20":{"start":{"line":34,"column":2},"end":{"line":62,"column":4}},"21":{"start":{"line":41,"column":10},"end":{"line":41,"column":68}},"22":{"start":{"line":45,"column":8},"end":{"line":58,"column":null}},"23":{"start":{"line":52,"column":12},"end":{"line":52,"column":30}},"24":{"start":{"line":53,"column":12},"end":{"line":53,"column":33}},"25":{"start":{"line":65,"column":0},"end":{"line":65,"column":39}}},"fnMap":{"0":{"name":"(anonymous_1)","decl":{"start":{"line":9,"column":32},"end":{"line":9,"column":33}},"loc":{"start":{"line":9,"column":68},"end":{"line":63,"column":1}}},"1":{"name":"(anonymous_2)","decl":{"start":{"line":16,"column":12},"end":{"line":16,"column":15}},"loc":{"start":{"line":16,"column":17},"end":{"line":19,"column":3}}},"2":{"name":"(anonymous_3)","decl":{"start":{"line":21,"column":28},"end":{"line":21,"column":29}},"loc":{"start":{"line":21,"column":99},"end":{"line":32,"column":3}}},"3":{"name":"(anonymous_4)","decl":{"start":{"line":40,"column":18},"end":{"line":40,"column":19}},"loc":{"start":{"line":40,"column":54},"end":{"line":42,"column":9}}},"4":{"name":"(anonymous_5)","decl":{"start":{"line":44,"column":14},"end":{"line":44,"column":15}},"loc":{"start":{"line":45,"column":8},"end":{"line":58,"column":null}}},"5":{"name":"(anonymous_6)","decl":{"start":{"line":51,"column":20},"end":{"line":51,"column":21}},"loc":{"start":{"line":51,"column":32},"end":{"line":54,"column":11}}}},"branchMap":{"0":{"loc":{"start":{"line":25,"column":25},"end":{"line":25,"column":99}},"type":"cond-expr","locations":[{"start":{"line":25,"column":87},"end":{"line":25,"column":92}},{"start":{"line":25,"column":95},"end":{"line":25,"column":99}}]},"1":{"loc":{"start":{"line":27,"column":6},"end":{"line":29,"column":12}},"type":"cond-expr","locations":[{"start":{"line":28,"column":10},"end":{"line":28,"column":71}},{"start":{"line":29,"column":10},"end":{"line":29,"column":12}}]},"2":{"loc":{"start":{"line":50,"column":19},"end":{"line":50,"column":46}},"type":"binary-expr","locations":[{"start":{"line":50,"column":19},"end":{"line":50,"column":32}},{"start":{"line":50,"column":36},"end":{"line":50,"column":46}}]},"3":{"loc":{"start":{"line":57,"column":17},"end":{"line":57,"column":71}},"type":"binary-expr","locations":[{"start":{"line":57,"column":17},"end":{"line":57,"column":59}},{"start":{"line":57,"column":63},"end":{"line":57,"column":71}}]},"4":{"loc":{"start":{"line":58,"column":22},"end":{"line":58,"column":83}},"type":"cond-expr","locations":[{"start":{"line":58,"column":33},"end":{"line":58,"column":40}},{"start":{"line":58,"column":43},"end":{"line":58,"column":83}}]}},"s":{"0":0,"1":0,"2":0,"3":0,"4":0,"5":0,"6":0,"7":0,"8":0,"9":0,"10":0,"11":0,"12":0,"13":0,"14":0,"15":0,"16":0,"17":0,"18":0,"19":0,"20":0,"21":0,"22":0,"23":0,"24":0,"25":0},"f":{"0":0,"1":0,"2":0,"3":0,"4":0,"5":0},"b":{"0":[0,0],"1":[0,0],"2":[0,0],"3":[0,0],"4":[0,0]}}
,"C:\\Users\\Алёна\\Desktop\\rss_coding\\eCommerce-Application-11\\src\\shared\\UI\\Inputs\\address\\StreetBillingInput.tsx": {"path":"C:\\Users\\Алёна\\Desktop\\rss_coding\\eCommerce-Application-11\\src\\shared\\UI\\Inputs\\address\\StreetBillingInput.tsx","statementMap":{"0":{"start":{"line":1,"column":0},"end":{"line":1,"column":42}},"1":{"start":{"line":3,"column":0},"end":{"line":3,"column":45}},"2":{"start":{"line":4,"column":0},"end":{"line":4,"column":72}},"3":{"start":{"line":5,"column":0},"end":{"line":5,"column":33}},"4":{"start":{"line":6,"column":0},"end":{"line":6,"column":72}},"5":{"start":{"line":8,"column":27},"end":{"line":42,"column":1}},"6":{"start":{"line":9,"column":32},"end":{"line":9,"column":46}},"7":{"start":{"line":10,"column":32},"end":{"line":10,"column":44}},"8":{"start":{"line":12,"column":28},"end":{"line":18,"column":3}},"9":{"start":{"line":13,"column":18},"end":{"line":13,"column":32}},"10":{"start":{"line":14,"column":25},"end":{"line":14,"column":83}},"11":{"start":{"line":15,"column":25},"end":{"line":15,"column":83}},"12":{"start":{"line":16,"column":4},"end":{"line":16,"column":29}},"13":{"start":{"line":17,"column":4},"end":{"line":17,"column":29}},"14":{"start":{"line":19,"column":2},"end":{"line":41,"column":4}},"15":{"start":{"line":25,"column":8},"end":{"line":37,"column":null}},"16":{"start":{"line":32,"column":12},"end":{"line":32,"column":30}},"17":{"start":{"line":33,"column":12},"end":{"line":33,"column":33}},"18":{"start":{"line":44,"column":0},"end":{"line":44,"column":34}}},"fnMap":{"0":{"name":"(anonymous_1)","decl":{"start":{"line":8,"column":27},"end":{"line":8,"column":28}},"loc":{"start":{"line":8,"column":63},"end":{"line":42,"column":1}}},"1":{"name":"(anonymous_2)","decl":{"start":{"line":12,"column":28},"end":{"line":12,"column":29}},"loc":{"start":{"line":12,"column":99},"end":{"line":18,"column":3}}},"2":{"name":"(anonymous_3)","decl":{"start":{"line":24,"column":14},"end":{"line":24,"column":15}},"loc":{"start":{"line":25,"column":8},"end":{"line":37,"column":null}}},"3":{"name":"(anonymous_4)","decl":{"start":{"line":31,"column":20},"end":{"line":31,"column":21}},"loc":{"start":{"line":31,"column":32},"end":{"line":34,"column":11}}}},"branchMap":{"0":{"loc":{"start":{"line":30,"column":19},"end":{"line":30,"column":46}},"type":"binary-expr","locations":[{"start":{"line":30,"column":19},"end":{"line":30,"column":32}},{"start":{"line":30,"column":36},"end":{"line":30,"column":46}}]},"1":{"loc":{"start":{"line":35,"column":17},"end":{"line":35,"column":34}},"type":"binary-expr","locations":[{"start":{"line":35,"column":17},"end":{"line":35,"column":28}},{"start":{"line":35,"column":32},"end":{"line":35,"column":34}}]},"2":{"loc":{"start":{"line":36,"column":17},"end":{"line":36,"column":66}},"type":"binary-expr","locations":[{"start":{"line":36,"column":17},"end":{"line":36,"column":54}},{"start":{"line":36,"column":58},"end":{"line":36,"column":66}}]},"3":{"loc":{"start":{"line":37,"column":22},"end":{"line":37,"column":78}},"type":"cond-expr","locations":[{"start":{"line":37,"column":33},"end":{"line":37,"column":40}},{"start":{"line":37,"column":43},"end":{"line":37,"column":78}}]}},"s":{"0":0,"1":0,"2":0,"3":0,"4":0,"5":0,"6":0,"7":0,"8":0,"9":0,"10":0,"11":0,"12":0,"13":0,"14":0,"15":0,"16":0,"17":0,"18":0},"f":{"0":0,"1":0,"2":0,"3":0},"b":{"0":[0,0],"1":[0,0],"2":[0,0],"3":[0,0]}}
,"C:\\Users\\Алёна\\Desktop\\rss_coding\\eCommerce-Application-11\\src\\shared\\UI\\Inputs\\address\\StreetShippingInput.tsx": {"path":"C:\\Users\\Алёна\\Desktop\\rss_coding\\eCommerce-Application-11\\src\\shared\\UI\\Inputs\\address\\StreetShippingInput.tsx","statementMap":{"0":{"start":{"line":1,"column":0},"end":{"line":1,"column":42}},"1":{"start":{"line":3,"column":0},"end":{"line":3,"column":45}},"2":{"start":{"line":4,"column":0},"end":{"line":4,"column":72}},"3":{"start":{"line":5,"column":0},"end":{"line":5,"column":33}},"4":{"start":{"line":6,"column":0},"end":{"line":6,"column":72}},"5":{"start":{"line":8,"column":28},"end":{"line":43,"column":1}},"6":{"start":{"line":9,"column":32},"end":{"line":9,"column":46}},"7":{"start":{"line":10,"column":32},"end":{"line":10,"column":44}},"8":{"start":{"line":12,"column":28},"end":{"line":18,"column":3}},"9":{"start":{"line":13,"column":18},"end":{"line":13,"column":32}},"10":{"start":{"line":14,"column":25},"end":{"line":14,"column":83}},"11":{"start":{"line":15,"column":25},"end":{"line":15,"column":83}},"12":{"start":{"line":16,"column":4},"end":{"line":16,"column":29}},"13":{"start":{"line":17,"column":4},"end":{"line":17,"column":29}},"14":{"start":{"line":20,"column":2},"end":{"line":42,"column":4}},"15":{"start":{"line":26,"column":8},"end":{"line":38,"column":null}},"16":{"start":{"line":33,"column":12},"end":{"line":33,"column":30}},"17":{"start":{"line":34,"column":12},"end":{"line":34,"column":33}},"18":{"start":{"line":45,"column":0},"end":{"line":45,"column":35}}},"fnMap":{"0":{"name":"(anonymous_1)","decl":{"start":{"line":8,"column":28},"end":{"line":8,"column":29}},"loc":{"start":{"line":8,"column":64},"end":{"line":43,"column":1}}},"1":{"name":"(anonymous_2)","decl":{"start":{"line":12,"column":28},"end":{"line":12,"column":29}},"loc":{"start":{"line":12,"column":99},"end":{"line":18,"column":3}}},"2":{"name":"(anonymous_3)","decl":{"start":{"line":25,"column":14},"end":{"line":25,"column":15}},"loc":{"start":{"line":26,"column":8},"end":{"line":38,"column":null}}},"3":{"name":"(anonymous_4)","decl":{"start":{"line":32,"column":20},"end":{"line":32,"column":21}},"loc":{"start":{"line":32,"column":32},"end":{"line":35,"column":11}}}},"branchMap":{"0":{"loc":{"start":{"line":31,"column":19},"end":{"line":31,"column":46}},"type":"binary-expr","locations":[{"start":{"line":31,"column":19},"end":{"line":31,"column":32}},{"start":{"line":31,"column":36},"end":{"line":31,"column":46}}]},"1":{"loc":{"start":{"line":36,"column":17},"end":{"line":36,"column":34}},"type":"binary-expr","locations":[{"start":{"line":36,"column":17},"end":{"line":36,"column":28}},{"start":{"line":36,"column":32},"end":{"line":36,"column":34}}]},"2":{"loc":{"start":{"line":37,"column":17},"end":{"line":37,"column":67}},"type":"binary-expr","locations":[{"start":{"line":37,"column":17},"end":{"line":37,"column":55}},{"start":{"line":37,"column":59},"end":{"line":37,"column":67}}]},"3":{"loc":{"start":{"line":38,"column":22},"end":{"line":38,"column":79}},"type":"cond-expr","locations":[{"start":{"line":38,"column":33},"end":{"line":38,"column":40}},{"start":{"line":38,"column":43},"end":{"line":38,"column":79}}]}},"s":{"0":0,"1":0,"2":0,"3":0,"4":0,"5":0,"6":0,"7":0,"8":0,"9":0,"10":0,"11":0,"12":0,"13":0,"14":0,"15":0,"16":0,"17":0,"18":0},"f":{"0":0,"1":0,"2":0,"3":0},"b":{"0":[0,0],"1":[0,0],"2":[0,0],"3":[0,0]}}
,"C:\\Users\\Алёна\\Desktop\\rss_coding\\eCommerce-Application-11\\src\\shared\\UI\\Inputs\\address\\UnitBillingInput.tsx": {"path":"C:\\Users\\Алёна\\Desktop\\rss_coding\\eCommerce-Application-11\\src\\shared\\UI\\Inputs\\address\\UnitBillingInput.tsx","statementMap":{"0":{"start":{"line":1,"column":0},"end":{"line":1,"column":42}},"1":{"start":{"line":3,"column":0},"end":{"line":3,"column":45}},"2":{"start":{"line":4,"column":0},"end":{"line":4,"column":68}},"3":{"start":{"line":5,"column":0},"end":{"line":5,"column":33}},"4":{"start":{"line":6,"column":0},"end":{"line":6,"column":72}},"5":{"start":{"line":8,"column":25},"end":{"line":43,"column":1}},"6":{"start":{"line":9,"column":32},"end":{"line":9,"column":46}},"7":{"start":{"line":10,"column":32},"end":{"line":10,"column":44}},"8":{"start":{"line":12,"column":28},"end":{"line":18,"column":3}},"9":{"start":{"line":13,"column":18},"end":{"line":13,"column":32}},"10":{"start":{"line":14,"column":25},"end":{"line":14,"column":81}},"11":{"start":{"line":15,"column":25},"end":{"line":15,"column":81}},"12":{"start":{"line":16,"column":4},"end":{"line":16,"column":29}},"13":{"start":{"line":17,"column":4},"end":{"line":17,"column":29}},"14":{"start":{"line":20,"column":2},"end":{"line":42,"column":4}},"15":{"start":{"line":26,"column":8},"end":{"line":38,"column":null}},"16":{"start":{"line":33,"column":12},"end":{"line":33,"column":30}},"17":{"start":{"line":34,"column":12},"end":{"line":34,"column":33}},"18":{"start":{"line":45,"column":0},"end":{"line":45,"column":32}}},"fnMap":{"0":{"name":"(anonymous_1)","decl":{"start":{"line":8,"column":25},"end":{"line":8,"column":26}},"loc":{"start":{"line":8,"column":61},"end":{"line":43,"column":1}}},"1":{"name":"(anonymous_2)","decl":{"start":{"line":12,"column":28},"end":{"line":12,"column":29}},"loc":{"start":{"line":12,"column":99},"end":{"line":18,"column":3}}},"2":{"name":"(anonymous_3)","decl":{"start":{"line":25,"column":14},"end":{"line":25,"column":15}},"loc":{"start":{"line":26,"column":8},"end":{"line":38,"column":null}}},"3":{"name":"(anonymous_4)","decl":{"start":{"line":32,"column":20},"end":{"line":32,"column":21}},"loc":{"start":{"line":32,"column":32},"end":{"line":35,"column":11}}}},"branchMap":{"0":{"loc":{"start":{"line":31,"column":19},"end":{"line":31,"column":46}},"type":"binary-expr","locations":[{"start":{"line":31,"column":19},"end":{"line":31,"column":32}},{"start":{"line":31,"column":36},"end":{"line":31,"column":46}}]},"1":{"loc":{"start":{"line":36,"column":17},"end":{"line":36,"column":34}},"type":"binary-expr","locations":[{"start":{"line":36,"column":17},"end":{"line":36,"column":28}},{"start":{"line":36,"column":32},"end":{"line":36,"column":34}}]},"2":{"loc":{"start":{"line":37,"column":17},"end":{"line":37,"column":64}},"type":"binary-expr","locations":[{"start":{"line":37,"column":17},"end":{"line":37,"column":52}},{"start":{"line":37,"column":56},"end":{"line":37,"column":64}}]},"3":{"loc":{"start":{"line":38,"column":22},"end":{"line":38,"column":76}},"type":"cond-expr","locations":[{"start":{"line":38,"column":33},"end":{"line":38,"column":40}},{"start":{"line":38,"column":43},"end":{"line":38,"column":76}}]}},"s":{"0":0,"1":0,"2":0,"3":0,"4":0,"5":0,"6":0,"7":0,"8":0,"9":0,"10":0,"11":0,"12":0,"13":0,"14":0,"15":0,"16":0,"17":0,"18":0},"f":{"0":0,"1":0,"2":0,"3":0},"b":{"0":[0,0],"1":[0,0],"2":[0,0],"3":[0,0]}}
,"C:\\Users\\Алёна\\Desktop\\rss_coding\\eCommerce-Application-11\\src\\shared\\UI\\Inputs\\address\\UnitShippingInput.tsx": {"path":"C:\\Users\\Алёна\\Desktop\\rss_coding\\eCommerce-Application-11\\src\\shared\\UI\\Inputs\\address\\UnitShippingInput.tsx","statementMap":{"0":{"start":{"line":1,"column":0},"end":{"line":1,"column":42}},"1":{"start":{"line":3,"column":0},"end":{"line":3,"column":45}},"2":{"start":{"line":4,"column":0},"end":{"line":4,"column":68}},"3":{"start":{"line":5,"column":0},"end":{"line":5,"column":33}},"4":{"start":{"line":6,"column":0},"end":{"line":6,"column":72}},"5":{"start":{"line":8,"column":26},"end":{"line":43,"column":1}},"6":{"start":{"line":9,"column":32},"end":{"line":9,"column":46}},"7":{"start":{"line":10,"column":32},"end":{"line":10,"column":44}},"8":{"start":{"line":12,"column":28},"end":{"line":18,"column":3}},"9":{"start":{"line":13,"column":18},"end":{"line":13,"column":32}},"10":{"start":{"line":14,"column":25},"end":{"line":14,"column":81}},"11":{"start":{"line":15,"column":25},"end":{"line":15,"column":81}},"12":{"start":{"line":16,"column":4},"end":{"line":16,"column":29}},"13":{"start":{"line":17,"column":4},"end":{"line":17,"column":29}},"14":{"start":{"line":20,"column":2},"end":{"line":42,"column":4}},"15":{"start":{"line":26,"column":8},"end":{"line":38,"column":null}},"16":{"start":{"line":33,"column":12},"end":{"line":33,"column":30}},"17":{"start":{"line":34,"column":12},"end":{"line":34,"column":33}},"18":{"start":{"line":45,"column":0},"end":{"line":45,"column":33}}},"fnMap":{"0":{"name":"(anonymous_1)","decl":{"start":{"line":8,"column":26},"end":{"line":8,"column":27}},"loc":{"start":{"line":8,"column":62},"end":{"line":43,"column":1}}},"1":{"name":"(anonymous_2)","decl":{"start":{"line":12,"column":28},"end":{"line":12,"column":29}},"loc":{"start":{"line":12,"column":99},"end":{"line":18,"column":3}}},"2":{"name":"(anonymous_3)","decl":{"start":{"line":25,"column":14},"end":{"line":25,"column":15}},"loc":{"start":{"line":26,"column":8},"end":{"line":38,"column":null}}},"3":{"name":"(anonymous_4)","decl":{"start":{"line":32,"column":20},"end":{"line":32,"column":21}},"loc":{"start":{"line":32,"column":32},"end":{"line":35,"column":11}}}},"branchMap":{"0":{"loc":{"start":{"line":31,"column":19},"end":{"line":31,"column":46}},"type":"binary-expr","locations":[{"start":{"line":31,"column":19},"end":{"line":31,"column":32}},{"start":{"line":31,"column":36},"end":{"line":31,"column":46}}]},"1":{"loc":{"start":{"line":36,"column":17},"end":{"line":36,"column":34}},"type":"binary-expr","locations":[{"start":{"line":36,"column":17},"end":{"line":36,"column":28}},{"start":{"line":36,"column":32},"end":{"line":36,"column":34}}]},"2":{"loc":{"start":{"line":37,"column":17},"end":{"line":37,"column":65}},"type":"binary-expr","locations":[{"start":{"line":37,"column":17},"end":{"line":37,"column":53}},{"start":{"line":37,"column":57},"end":{"line":37,"column":65}}]},"3":{"loc":{"start":{"line":38,"column":22},"end":{"line":38,"column":77}},"type":"cond-expr","locations":[{"start":{"line":38,"column":33},"end":{"line":38,"column":40}},{"start":{"line":38,"column":43},"end":{"line":38,"column":77}}]}},"s":{"0":0,"1":0,"2":0,"3":0,"4":0,"5":0,"6":0,"7":0,"8":0,"9":0,"10":0,"11":0,"12":0,"13":0,"14":0,"15":0,"16":0,"17":0,"18":0},"f":{"0":0,"1":0,"2":0,"3":0},"b":{"0":[0,0],"1":[0,0],"2":[0,0],"3":[0,0]}}
[...]
,"C:\\Users\\Алёна\\Desktop\\rss_coding\\eCommerce-Application-11\\src\\shared\\lib\\validation\\streetValidation.ts": {"path":"C:\\Users\\Алёна\\Desktop\\rss_coding\\eCommerce-Application-11\\src\\shared\\lib\\validation\\streetValidation.ts","statementMap":{"0":{"start":{"line":1,"column":25},"end":{"line":9,"column":2}},"1":{"start":{"line":4,"column":4},"end":{"line":6,"column":null}},"2":{"start":{"line":5,"column":6},"end":{"line":5,"column":18}},"3":{"start":{"line":7,"column":4},"end":{"line":7,"column":64}},"4":{"start":{"line":11,"column":0},"end":{"line":11,"column":32}}},"fnMap":{"0":{"name":"(anonymous_0)","decl":{"start":{"line":3,"column":12},"end":{"line":3,"column":13}},"loc":{"start":{"line":3,"column":48},"end":{"line":8,"column":3}}}},"branchMap":{"0":{"loc":{"start":{"line":4,"column":4},"end":{"line":6,"column":null}},"type":"if","locations":[{"start":{"line":4,"column":4},"end":{"line":6,"column":null}}]}},"s":{"0":0,"1":0,"2":0,"3":0,"4":0},"f":{"0":0},"b":{"0":[0]}}
,"C:\\Users\\Алёна\\Desktop\\rss_coding\\eCommerce-Application-11\\src\\shared\\lib\\validation\\unitValidation.ts": {"path":"C:\\Users\\Алёна\\Desktop\\rss_coding\\eCommerce-Application-11\\src\\shared\\lib\\validation\\unitValidation.ts","statementMap":{"0":{"start":{"line":1,"column":23},"end":{"line":12,"column":2}},"1":{"start":{"line":3,"column":4},"end":{"line":9,"column":null}},"2":{"start":{"line":4,"column":6},"end":{"line":6,"column":null}},"3":{"start":{"line":5,"column":8},"end":{"line":5,"column":20}},"4":{"start":{"line":8,"column":6},"end":{"line":8,"column":78}},"5":{"start":{"line":10,"column":4},"end":{"line":10,"column":16}},"6":{"start":{"line":14,"column":0},"end":{"line":14,"column":30}}},"fnMap":{"0":{"name":"(anonymous_0)","decl":{"start":{"line":2,"column":12},"end":{"line":2,"column":13}},"loc":{"start":{"line":2,"column":48},"end":{"line":11,"column":3}}}},"branchMap":{"0":{"loc":{"start":{"line":3,"column":4},"end":{"line":9,"column":null}},"type":"if","locations":[{"start":{"line":3,"column":4},"end":{"line":9,"column":null}}]},"1":{"loc":{"start":{"line":4,"column":6},"end":{"line":6,"column":null}},"type":"if","locations":[{"start":{"line":4,"column":6},"end":{"line":6,"column":null}}]}},"s":{"0":0,"1":0,"2":0,"3":0,"4":0,"5":0,"6":0},"f":{"0":0},"b":{"0":[0],"1":[0]}}
,"C:\\Users\\Алёна\\Desktop\\rss_coding\\eCommerce-Application-11\\src\\shared\\lib\\validation\\validateRealTime.ts": {"path":"C:\\Users\\Алёна\\Desktop\\rss_coding\\eCommerce-Application-11\\src\\shared\\lib\\validation\\validateRealTime.ts","statementMap":{"0":{"start":{"line":3,"column":25},"end":{"line":9,"column":1}},"1":{"start":{"line":4,"column":48},"end":{"line":7,"column":4}},"2":{"start":{"line":8,"column":2},"end":{"line":8,"column":26}},"3":{"start":{"line":11,"column":0},"end":{"line":11,"column":32}}},"fnMap":{"0":{"name":"(anonymous_0)","decl":{"start":{"line":3,"column":25},"end":{"line":3,"column":26}},"loc":{"start":{"line":3,"column":118},"end":{"line":9,"column":1}}}},"branchMap":{"0":{"loc":{"start":{"line":5,"column":13},"end":{"line":5,"column":59}},"type":"cond-expr","locations":[{"start":{"line":5,"column":47},"end":{"line":5,"column":52}},{"start":{"line":5,"column":55},"end":{"line":5,"column":59}}]},"1":{"loc":{"start":{"line":6,"column":13},"end":{"line":6,"column":85}},"type":"cond-expr","locations":[{"start":{"line":6,"column":47},"end":{"line":6,"column":80}},{"start":{"line":6,"column":83},"end":{"line":6,"column":85}}]}},"s":{"0":0,"1":0,"2":0,"3":0},"f":{"0":0},"b":{"0":[0,0],"1":[0,0]}}
,"C:\\Users\\Алёна\\Desktop\\rss_coding\\eCommerce-Application-11\\src\\widgets\\LoginForm\\login-form.tsx": {"path":"C:\\Users\\Алёна\\Desktop\\rss_coding\\eCommerce-Application-11\\src\\widgets\\LoginForm\\login-form.tsx","statementMap":{"0":{"start":{"line":1,"column":0},"end":{"line":1,"column":40}},"1":{"start":{"line":2,"column":0},"end":{"line":2,"column":71}},"2":{"start":{"line":4,"column":0},"end":{"line":4,"column":50}},"3":{"start":{"line":5,"column":0},"end":{"line":5,"column":38}},"4":{"start":{"line":7,"column":0},"end":{"line":7,"column":38}},"5":{"start":{"line":8,"column":0},"end":{"line":8,"column":60}},"6":{"start":{"line":9,"column":0},"end":{"line":9,"column":59}},"7":{"start":{"line":10,"column":0},"end":{"line":10,"column":65}},"8":{"start":{"line":12,"column":0},"end":{"line":12,"column":59}},"9":{"start":{"line":17,"column":0},"end":{"line":17,"column":64}},"10":{"start":{"line":19,"column":0},"end":{"line":19,"column":60}},"11":{"start":{"line":20,"column":0},"end":{"line":20,"column":59}},"12":{"start":{"line":22,"column":35},"end":{"line":79,"column":1}},"13":{"start":{"line":23,"column":36},"end":{"line":23,"column":52}},"14":{"start":{"line":24,"column":21},"end":{"line":26,"column":4}},"15":{"start":{"line":28,"column":19},"end":{"line":28,"column":32}},"16":{"start":{"line":29,"column":19},"end":{"line":29,"column":32}},"17":{"start":{"line":30,"column":15},"end":{"line":30,"column":52}},"18":{"start":{"line":32,"column":42},"end":{"line":32,"column":73}},"19":{"start":{"line":33,"column":38},"end":{"line":33,"column":53}},"20":{"start":{"line":35,"column":27},"end":{"line":35,"column":45}},"21":{"start":{"line":37,"column":41},"end":{"line":52,"column":3}},"22":{"start":{"line":38,"column":4},"end":{"line":51,"column":null}},"23":{"start":{"line":39,"column":28},"end":{"line":39,"column":53}},"24":{"start":{"line":40,"column":23},"end":{"line":40,"column":50}},"25":{"start":{"line":41,"column":6},"end":{"line":41,"column":27}},"26":{"start":{"line":42,"column":6},"end":{"line":42,"column":32}},"27":{"start":{"line":43,"column":6},"end":{"line":43,"column":45}},"28":{"start":{"line":44,"column":6},"end":{"line":47,"column":15}},"29":{"start":{"line":45,"column":8},"end":{"line":45,"column":27}},"30":{"start":{"line":46,"column":8},"end":{"line":46,"column":49}},"31":{"start":{"line":49,"column":6},"end":{"line":49,"column":28}},"32":{"start":{"line":50,"column":6},"end":{"line":50,"column":26}},"33":{"start":{"line":54,"column":2},"end":{"line":78,"column":4}},"34":{"start":{"line":22,"column":13},"end":{"line":22,"column":35}}},"fnMap":{"0":{"name":"(anonymous_1)","decl":{"start":{"line":22,"column":35},"end":{"line":22,"column":51}},"loc":{"start":{"line":22,"column":53},"end":{"line":79,"column":1}}},"1":{"name":"(anonymous_2)","decl":{"start":{"line":37,"column":41},"end":{"line":37,"column":46}},"loc":{"start":{"line":37,"column":56},"end":{"line":52,"column":3}}},"2":{"name":"(anonymous_3)","decl":{"start":{"line":44,"column":17},"end":{"line":44,"column":20}},"loc":{"start":{"line":44,"column":22},"end":{"line":47,"column":7}}}},"branchMap":{"0":{"loc":{"start":{"line":30,"column":15},"end":{"line":30,"column":52}},"type":"binary-expr","locations":[{"start":{"line":30,"column":15},"end":{"line":30,"column":45}},{"start":{"line":30,"column":49},"end":{"line":30,"column":52}}]},"1":{"loc":{"start":{"line":64,"column":11},"end":{"line":67,"column":null}},"type":"binary-expr","locations":[{"start":{"line":64,"column":11},"end":{"line":64,"column":23}},{"start":{"line":65,"column":12},"end":{"line":66,"column":null}}]},"2":{"loc":{"start":{"line":69,"column":11},"end":{"line":72,"column":null}},"type":"binary-expr","locations":[{"start":{"line":69,"column":11},"end":{"line":69,"column":21}},{"start":{"line":70,"column":12},"end":{"line":70,"column":null}}]}},"s":{"0":0,"1":0,"2":0,"3":0,"4":0,"5":0,"6":0,"7":0,"8":0,"9":0,"10":0,"11":0,"12":0,"13":0,"14":0,"15":0,"16":0,"17":0,"18":0,"19":0,"20":0,"21":0,"22":0,"23":0,"24":0,"25":0,"26":0,"27":0,"28":0,"29":0,"30":0,"31":0,"32":0,"33":0,"34":0},"f":{"0":0,"1":0,"2":0},"b":{"0":[0,0],"1":[0,0],"2":[0,0]}}
,"C:\\Users\\Алёна\\Desktop\\rss_coding\\eCommerce-Application-11\\src\\widgets\\RegistrationForm\\RegistrationForm.tsx": {"path":"C:\\Users\\Алёна\\Desktop\\rss_coding\\eCommerce-Application-11\\src\\widgets\\RegistrationForm\\RegistrationForm.tsx","statementMap":{"0":{"start":{"line":1,"column":0},"end":{"line":1,"column":33}},"1":{"start":{"line":2,"column":0},"end":{"line":2,"column":71}},"2":{"start":{"line":3,"column":0},"end":{"line":3,"column":60}},"3":{"start":{"line":5,"column":0},"end":{"line":5,"column":50}},"4":{"start":{"line":6,"column":0},"end":{"line":6,"column":38}},"5":{"start":{"line":11,"column":0},"end":{"line":11,"column":59}},"6":{"start":{"line":12,"column":0},"end":{"line":12,"column":65}},"7":{"start":{"line":13,"column":0},"end":{"line":13,"column":67}},"8":{"start":{"line":14,"column":0},"end":{"line":14,"column":65}},"9":{"start":{"line":15,"column":0},"end":{"line":15,"column":71}},"10":{"start":{"line":16,"column":0},"end":{"line":16,"column":60}},"11":{"start":{"line":17,"column":0},"end":{"line":17,"column":71}},"12":{"start":{"line":18,"column":0},"end":{"line":18,"column":108}},"13":{"start":{"line":19,"column":0},"end":{"line":19,"column":106}},"14":{"start":{"line":20,"column":0},"end":{"line":20,"column":77}},"15":{"start":{"line":22,"column":0},"end":{"line":22,"column":66}},"16":{"start":{"line":23,"column":0},"end":{"line":23,"column":64}},"17":{"start":{"line":25,"column":0},"end":{"line":25,"column":59}},"18":{"start":{"line":27,"column":0},"end":{"line":27,"column":33}},"19":{"start":{"line":28,"column":0},"end":{"line":28,"column":87}},"20":{"start":{"line":30,"column":25},"end":{"line":158,"column":1}},"21":{"start":{"line":31,"column":36},"end":{"line":31,"column":52}},"22":{"start":{"line":32,"column":21},"end":{"line":34,"column":4}},"23":{"start":{"line":36,"column":19},"end":{"line":36,"column":32}},"24":{"start":{"line":37,"column":19},"end":{"line":37,"column":32}},"25":{"start":{"line":38,"column":15},"end":{"line":38,"column":52}},"26":{"start":{"line":40,"column":42},"end":{"line":40,"column":73}},"27":{"start":{"line":41,"column":44},"end":{"line":41,"column":59}},"28":{"start":{"line":42,"column":46},"end":{"line":42,"column":61}},"29":{"start":{"line":43,"column":47},"end":{"line":43,"column":62}},"30":{"start":{"line":44,"column":46},"end":{"line":44,"column":61}},"31":{"start":{"line":45,"column":30},"end":{"line":47,"column":3}},"32":{"start":{"line":46,"column":4},"end":{"line":46,"column":39}},"33":{"start":{"line":48,"column":37},"end":{"line":50,"column":3}},"34":{"start":{"line":49,"column":4},"end":{"line":49,"column":40}},"35":{"start":{"line":51,"column":36},"end":{"line":53,"column":3}},"36":{"start":{"line":52,"column":4},"end":{"line":52,"column":39}},"37":{"start":{"line":55,"column":27},"end":{"line":55,"column":45}},"38":{"start":{"line":57,"column":41},"end":{"line":81,"column":3}},"39":{"start":{"line":58,"column":28},"end":{"line":58,"column":101}},"40":{"start":{"line":60,"column":4},"end":{"line":80,"column":null}},"41":{"start":{"line":61,"column":6},"end":{"line":61,"column":44}},"42":{"start":{"line":63,"column":40},"end":{"line":66,"column":8}},"43":{"start":{"line":67,"column":28},"end":{"line":67,"column":58}},"44":{"start":{"line":68,"column":23},"end":{"line":68,"column":50}},"45":{"start":{"line":70,"column":6},"end":{"line":70,"column":30}},"46":{"start":{"line":71,"column":6},"end":{"line":71,"column":32}},"47":{"start":{"line":72,"column":6},"end":{"line":72,"column":45}},"48":{"start":{"line":73,"column":6},"end":{"line":76,"column":15}},"49":{"start":{"line":74,"column":8},"end":{"line":74,"column":27}},"50":{"start":{"line":75,"column":8},"end":{"line":75,"column":49}},"51":{"start":{"line":78,"column":6},"end":{"line":78,"column":28}},"52":{"start":{"line":79,"column":6},"end":{"line":79,"column":29}},"53":{"start":{"line":83,"column":2},"end":{"line":157,"column":4}},"54":{"start":{"line":160,"column":0},"end":{"line":160,"column":32}}},"fnMap":{"0":{"name":"(anonymous_1)","decl":{"start":{"line":30,"column":25},"end":{"line":30,"column":41}},"loc":{"start":{"line":30,"column":43},"end":{"line":158,"column":1}}},"1":{"name":"(anonymous_2)","decl":{"start":{"line":45,"column":30},"end":{"line":45,"column":39}},"loc":{"start":{"line":45,"column":41},"end":{"line":47,"column":3}}},"2":{"name":"(anonymous_3)","decl":{"start":{"line":48,"column":37},"end":{"line":48,"column":46}},"loc":{"start":{"line":48,"column":48},"end":{"line":50,"column":3}}},"3":{"name":"(anonymous_4)","decl":{"start":{"line":51,"column":36},"end":{"line":51,"column":45}},"loc":{"start":{"line":51,"column":47},"end":{"line":53,"column":3}}},"4":{"name":"(anonymous_5)","decl":{"start":{"line":57,"column":41},"end":{"line":57,"column":46}},"loc":{"start":{"line":57,"column":56},"end":{"line":81,"column":3}}},"5":{"name":"(anonymous_6)","decl":{"start":{"line":73,"column":17},"end":{"line":73,"column":20}},"loc":{"start":{"line":73,"column":22},"end":{"line":76,"column":7}}}},"branchMap":{"0":{"loc":{"start":{"line":38,"column":15},"end":{"line":38,"column":52}},"type":"binary-expr","locations":[{"start":{"line":38,"column":15},"end":{"line":38,"column":45}},{"start":{"line":38,"column":49},"end":{"line":38,"column":52}}]},"1":{"loc":{"start":{"line":127,"column":9},"end":{"line":130,"column":null}},"type":"binary-expr","locations":[{"start":{"line":127,"column":9},"end":{"line":127,"column":24}},{"start":{"line":128,"column":10},"end":{"line":128,"column":null}}]},"2":{"loc":{"start":{"line":132,"column":9},"end":{"line":132,"column":92}},"type":"binary-expr","locations":[{"start":{"line":132,"column":9},"end":{"line":132,"column":24}},{"start":{"line":132,"column":28},"end":{"line":132,"column":92}}]},"3":{"loc":{"start":{"line":144,"column":9},"end":{"line":147,"column":null}},"type":"binary-expr","locations":[{"start":{"line":144,"column":9},"end":{"line":144,"column":21}},{"start":{"line":145,"column":10},"end":{"line":146,"column":null}}]},"4":{"loc":{"start":{"line":149,"column":9},"end":{"line":152,"column":null}},"type":"binary-expr","locations":[{"start":{"line":149,"column":9},"end":{"line":149,"column":22}},{"start":{"line":150,"column":10},"end":{"line":150,"column":null}}]}},"s":{"0":0,"1":0,"2":0,"3":0,"4":0,"5":0,"6":0,"7":0,"8":0,"9":0,"10":0,"11":0,"12":0,"13":0,"14":0,"15":0,"16":0,"17":0,"18":0,"19":0,"20":0,"21":0,"22":0,"23":0,"24":0,"25":0,"26":0,"27":0,"28":0,"29":0,"30":0,"31":0,"32":0,"33":0,"34":0,"35":0,"36":0,"37":0,"38":0,"39":0,"40":0,"41":0,"42":0,"43":0,"44":0,"45":0,"46":0,"47":0,"48":0,"49":0,"50":0,"51":0,"52":0,"53":0,"54":0},"f":{"0":0,"1":0,"2":0,"3":0,"4":0,"5":0},"b":{"0":[0,0],"1":[0,0],"2":[0,0],"3":[0,0],"4":[0,0]}}
,"C:\\Users\\Алёна\\Desktop\\rss_coding\\eCommerce-Application-11\\src\\widgets\\header\\Header.tsx": {"path":"C:\\Users\\Алёна\\Desktop\\rss_coding\\eCommerce-Application-11\\src\\widgets\\header\\Header.tsx","statementMap":{"0":{"start":{"line":1,"column":0},"end":{"line":1,"column":23}},"1":{"start":{"line":2,"column":0},"end":{"line":2,"column":52}},"2":{"start":{"line":3,"column":0},"end":{"line":3,"column":52}},"3":{"start":{"line":5,"column":0},"end":{"line":5,"column":45}},"4":{"start":{"line":7,"column":0},"end":{"line":7,"column":52}},"5":{"start":{"line":8,"column":0},"end":{"line":8,"column":51}},"6":{"start":{"line":10,"column":0},"end":{"line":10,"column":52}},"7":{"start":{"line":11,"column":0},"end":{"line":11,"column":34}},"8":{"start":{"line":14,"column":39},"end":{"line":14,"column":57}},"9":{"start":{"line":16,"column":2},"end":{"line":22,"column":21}},"10":{"start":{"line":17,"column":34},"end":{"line":17,"column":64}},"11":{"start":{"line":19,"column":4},"end":{"line":21,"column":null}},"12":{"start":{"line":20,"column":6},"end":{"line":20,"column":25}},"13":{"start":{"line":24,"column":2},"end":{"line":38,"column":4}},"14":{"start":{"line":41,"column":0},"end":{"line":41,"column":22}}},"fnMap":{"0":{"name":"Header","decl":{"start":{"line":13,"column":9},"end":{"line":13,"column":15}},"loc":{"start":{"line":13,"column":35},"end":{"line":39,"column":1}}},"1":{"name":"(anonymous_2)","decl":{"start":{"line":16,"column":12},"end":{"line":16,"column":15}},"loc":{"start":{"line":16,"column":17},"end":{"line":22,"column":3}}}},"branchMap":{"0":{"loc":{"start":{"line":19,"column":4},"end":{"line":21,"column":null}},"type":"if","locations":[{"start":{"line":19,"column":4},"end":{"line":21,"column":null}}]},"1":{"loc":{"start":{"line":30,"column":13},"end":{"line":30,"column":59}},"type":"binary-expr","locations":[{"start":{"line":30,"column":13},"end":{"line":30,"column":23}},{"start":{"line":30,"column":27},"end":{"line":30,"column":59}}]}},"s":{"0":0,"1":0,"2":0,"3":0,"4":0,"5":0,"6":0,"7":0,"8":0,"9":0,"10":0,"11":0,"12":0,"13":0,"14":0},"f":{"0":0,"1":0},"b":{"0":[0],"1":[0,0]}}
,"C:\\Users\\Алёна\\Desktop\\rss_coding\\eCommerce-Application-11\\src\\widgets\\header\\HeaderContext.tsx": {"path":"C:\\Users\\Алёна\\Desktop\\rss_coding\\eCommerce-Application-11\\src\\widgets\\header\\HeaderContext.tsx","statementMap":{"0":{"start":{"line":1,"column":0},"end":{"line":1,"column":71}},"1":{"start":{"line":8,"column":22},"end":{"line":8,"column":77}},"2":{"start":{"line":10,"column":32},"end":{"line":16,"column":1}},"3":{"start":{"line":11,"column":18},"end":{"line":11,"column":43}},"4":{"start":{"line":12,"column":2},"end":{"line":14,"column":null}},"5":{"start":{"line":13,"column":4},"end":{"line":13,"column":77}},"6":{"start":{"line":15,"column":2},"end":{"line":15,"column":17}},"7":{"start":{"line":10,"column":13},"end":{"line":10,"column":32}},"8":{"start":{"line":22,"column":61},"end":{"line":30,"column":1}},"9":{"start":{"line":23,"column":38},"end":{"line":23,"column":53}},"10":{"start":{"line":25,"column":23},"end":{"line":27,"column":3}},"11":{"start":{"line":26,"column":4},"end":{"line":26,"column":30}},"12":{"start":{"line":29,"column":2},"end":{"line":29,"column":106}},"13":{"start":{"line":22,"column":13},"end":{"line":22,"column":61}}},"fnMap":{"0":{"name":"(anonymous_0)","decl":{"start":{"line":10,"column":32},"end":{"line":10,"column":54}},"loc":{"start":{"line":10,"column":56},"end":{"line":16,"column":1}}},"1":{"name":"(anonymous_1)","decl":{"start":{"line":22,"column":61},"end":{"line":22,"column":62}},"loc":{"start":{"line":22,"column":78},"end":{"line":30,"column":1}}},"2":{"name":"(anonymous_2)","decl":{"start":{"line":25,"column":23},"end":{"line":25,"column":24}},"loc":{"start":{"line":25,"column":53},"end":{"line":27,"column":3}}}},"branchMap":{"0":{"loc":{"start":{"line":12,"column":2},"end":{"line":14,"column":null}},"type":"if","locations":[{"start":{"line":12,"column":2},"end":{"line":14,"column":null}}]}},"s":{"0":0,"1":0,"2":0,"3":0,"4":0,"5":0,"6":0,"7":0,"8":0,"9":0,"10":0,"11":0,"12":0,"13":0},"f":{"0":0,"1":0,"2":0},"b":{"0":[0]}}
}
